{"/Users/charllys/Downloads/Projetos/inVa/src/background/background.ts": {"path":"/Users/charllys/Downloads/Projetos/inVa/src/background/background.ts","all":true,"statementMap":{"6":{"start":{"line":7,"column":0},"end":{"line":7,"column":40}},"12":{"start":{"line":13,"column":0},"end":{"line":13,"column":46}},"13":{"start":{"line":14,"column":0},"end":{"line":14,"column":61}},"14":{"start":{"line":15,"column":0},"end":{"line":15,"column":3}}},"s":{"6":0,"12":0,"13":0,"14":0},"branchMap":{"0":{"type":"branch","line":1,"loc":{"start":{"line":1,"column":391},"end":{"line":15,"column":3}},"locations":[{"start":{"line":1,"column":391},"end":{"line":15,"column":3}}]}},"b":{"0":[1]},"fnMap":{"0":{"name":"(empty-report)","decl":{"start":{"line":1,"column":391},"end":{"line":15,"column":3}},"loc":{"start":{"line":1,"column":391},"end":{"line":15,"column":3}},"line":1}},"f":{"0":1}}
,"/Users/charllys/Downloads/Projetos/inVa/src/content/contentScript.ts": {"path":"/Users/charllys/Downloads/Projetos/inVa/src/content/contentScript.ts","all":true,"statementMap":{"8":{"start":{"line":9,"column":0},"end":{"line":9,"column":57}},"9":{"start":{"line":10,"column":0},"end":{"line":10,"column":40}},"10":{"start":{"line":11,"column":0},"end":{"line":11,"column":53}},"11":{"start":{"line":12,"column":0},"end":{"line":12,"column":66}},"12":{"start":{"line":13,"column":0},"end":{"line":13,"column":57}},"13":{"start":{"line":14,"column":0},"end":{"line":14,"column":52}},"14":{"start":{"line":15,"column":0},"end":{"line":15,"column":78}},"15":{"start":{"line":16,"column":0},"end":{"line":16,"column":50}},"22":{"start":{"line":23,"column":0},"end":{"line":23,"column":51}},"28":{"start":{"line":29,"column":0},"end":{"line":29,"column":56}},"39":{"start":{"line":40,"column":0},"end":{"line":40,"column":123}},"40":{"start":{"line":41,"column":0},"end":{"line":41,"column":39}},"41":{"start":{"line":42,"column":0},"end":{"line":42,"column":22}},"42":{"start":{"line":43,"column":0},"end":{"line":43,"column":22}},"43":{"start":{"line":44,"column":0},"end":{"line":44,"column":19}},"44":{"start":{"line":45,"column":0},"end":{"line":45,"column":125}},"45":{"start":{"line":46,"column":0},"end":{"line":46,"column":50}},"46":{"start":{"line":47,"column":0},"end":{"line":47,"column":1}},"57":{"start":{"line":58,"column":0},"end":{"line":58,"column":105}},"59":{"start":{"line":60,"column":0},"end":{"line":60,"column":114}},"60":{"start":{"line":61,"column":0},"end":{"line":61,"column":63}},"61":{"start":{"line":62,"column":0},"end":{"line":62,"column":106}},"62":{"start":{"line":63,"column":0},"end":{"line":63,"column":42}},"63":{"start":{"line":64,"column":0},"end":{"line":64,"column":68}},"64":{"start":{"line":65,"column":0},"end":{"line":65,"column":3}},"67":{"start":{"line":68,"column":0},"end":{"line":68,"column":40}},"68":{"start":{"line":69,"column":0},"end":{"line":69,"column":44}},"69":{"start":{"line":70,"column":0},"end":{"line":70,"column":117}},"70":{"start":{"line":71,"column":0},"end":{"line":71,"column":31}},"71":{"start":{"line":72,"column":0},"end":{"line":72,"column":66}},"72":{"start":{"line":73,"column":0},"end":{"line":73,"column":3}},"73":{"start":{"line":74,"column":0},"end":{"line":74,"column":1}},"82":{"start":{"line":83,"column":0},"end":{"line":83,"column":68}},"83":{"start":{"line":84,"column":0},"end":{"line":84,"column":7}},"84":{"start":{"line":85,"column":0},"end":{"line":85,"column":36}},"85":{"start":{"line":86,"column":0},"end":{"line":86,"column":40}},"86":{"start":{"line":87,"column":0},"end":{"line":87,"column":90}},"87":{"start":{"line":88,"column":0},"end":{"line":88,"column":11}},"88":{"start":{"line":89,"column":0},"end":{"line":89,"column":43}},"89":{"start":{"line":90,"column":0},"end":{"line":90,"column":3}},"90":{"start":{"line":91,"column":0},"end":{"line":91,"column":1}},"101":{"start":{"line":102,"column":0},"end":{"line":102,"column":96}},"103":{"start":{"line":104,"column":0},"end":{"line":104,"column":7}},"104":{"start":{"line":105,"column":0},"end":{"line":105,"column":56}},"105":{"start":{"line":106,"column":0},"end":{"line":106,"column":16}},"106":{"start":{"line":107,"column":0},"end":{"line":107,"column":29}},"107":{"start":{"line":108,"column":0},"end":{"line":108,"column":29}},"108":{"start":{"line":109,"column":0},"end":{"line":109,"column":101}},"110":{"start":{"line":111,"column":0},"end":{"line":111,"column":35}},"111":{"start":{"line":112,"column":0},"end":{"line":112,"column":62}},"112":{"start":{"line":113,"column":0},"end":{"line":113,"column":28}},"113":{"start":{"line":114,"column":0},"end":{"line":114,"column":104}},"114":{"start":{"line":115,"column":0},"end":{"line":115,"column":7}},"115":{"start":{"line":116,"column":0},"end":{"line":116,"column":5}},"116":{"start":{"line":117,"column":0},"end":{"line":117,"column":15}},"117":{"start":{"line":118,"column":0},"end":{"line":118,"column":86}},"118":{"start":{"line":119,"column":0},"end":{"line":119,"column":3}},"121":{"start":{"line":122,"column":0},"end":{"line":122,"column":49}},"122":{"start":{"line":123,"column":0},"end":{"line":123,"column":9}},"123":{"start":{"line":124,"column":0},"end":{"line":124,"column":60}},"124":{"start":{"line":125,"column":0},"end":{"line":125,"column":111}},"125":{"start":{"line":126,"column":0},"end":{"line":126,"column":17}},"126":{"start":{"line":127,"column":0},"end":{"line":127,"column":83}},"127":{"start":{"line":128,"column":0},"end":{"line":128,"column":5}},"128":{"start":{"line":129,"column":0},"end":{"line":129,"column":4}},"130":{"start":{"line":131,"column":0},"end":{"line":131,"column":92}},"132":{"start":{"line":133,"column":0},"end":{"line":133,"column":44}},"133":{"start":{"line":134,"column":0},"end":{"line":134,"column":36}},"134":{"start":{"line":135,"column":0},"end":{"line":135,"column":20}},"135":{"start":{"line":136,"column":0},"end":{"line":136,"column":5}},"137":{"start":{"line":138,"column":0},"end":{"line":138,"column":43}},"138":{"start":{"line":139,"column":0},"end":{"line":139,"column":36}},"139":{"start":{"line":140,"column":0},"end":{"line":140,"column":29}},"140":{"start":{"line":141,"column":0},"end":{"line":141,"column":5}},"143":{"start":{"line":144,"column":0},"end":{"line":144,"column":63}},"144":{"start":{"line":145,"column":0},"end":{"line":145,"column":61}},"146":{"start":{"line":147,"column":0},"end":{"line":147,"column":77}},"147":{"start":{"line":148,"column":0},"end":{"line":148,"column":24}},"148":{"start":{"line":149,"column":0},"end":{"line":149,"column":53}},"149":{"start":{"line":150,"column":0},"end":{"line":150,"column":125}},"150":{"start":{"line":151,"column":0},"end":{"line":151,"column":13}},"151":{"start":{"line":152,"column":0},"end":{"line":152,"column":5}},"153":{"start":{"line":154,"column":0},"end":{"line":154,"column":106}},"154":{"start":{"line":155,"column":0},"end":{"line":155,"column":38}},"155":{"start":{"line":156,"column":0},"end":{"line":156,"column":32}},"156":{"start":{"line":157,"column":0},"end":{"line":157,"column":32}},"157":{"start":{"line":158,"column":0},"end":{"line":158,"column":108}},"158":{"start":{"line":159,"column":0},"end":{"line":159,"column":5}},"159":{"start":{"line":160,"column":0},"end":{"line":160,"column":5}},"160":{"start":{"line":161,"column":0},"end":{"line":161,"column":1}},"170":{"start":{"line":171,"column":0},"end":{"line":171,"column":66}},"171":{"start":{"line":172,"column":0},"end":{"line":172,"column":110}},"172":{"start":{"line":173,"column":0},"end":{"line":173,"column":31}},"173":{"start":{"line":174,"column":0},"end":{"line":174,"column":61}},"175":{"start":{"line":176,"column":0},"end":{"line":176,"column":48}},"176":{"start":{"line":177,"column":0},"end":{"line":177,"column":26}},"179":{"start":{"line":180,"column":0},"end":{"line":180,"column":39}},"180":{"start":{"line":181,"column":0},"end":{"line":181,"column":37}},"181":{"start":{"line":182,"column":0},"end":{"line":182,"column":56}},"182":{"start":{"line":183,"column":0},"end":{"line":183,"column":86}},"184":{"start":{"line":185,"column":0},"end":{"line":185,"column":37}},"185":{"start":{"line":186,"column":0},"end":{"line":186,"column":18}},"186":{"start":{"line":187,"column":0},"end":{"line":187,"column":74}},"187":{"start":{"line":188,"column":0},"end":{"line":188,"column":16}},"188":{"start":{"line":189,"column":0},"end":{"line":189,"column":3}},"190":{"start":{"line":191,"column":0},"end":{"line":191,"column":53}},"191":{"start":{"line":192,"column":0},"end":{"line":192,"column":44}},"192":{"start":{"line":193,"column":0},"end":{"line":193,"column":53}},"194":{"start":{"line":195,"column":0},"end":{"line":195,"column":14}},"195":{"start":{"line":196,"column":0},"end":{"line":196,"column":1}},"200":{"start":{"line":201,"column":0},"end":{"line":201,"column":14}},"201":{"start":{"line":202,"column":0},"end":{"line":202,"column":7}},"202":{"start":{"line":203,"column":0},"end":{"line":203,"column":54}},"203":{"start":{"line":204,"column":0},"end":{"line":204,"column":26}},"205":{"start":{"line":206,"column":0},"end":{"line":206,"column":44}},"206":{"start":{"line":207,"column":0},"end":{"line":207,"column":44}},"207":{"start":{"line":208,"column":0},"end":{"line":208,"column":99}},"208":{"start":{"line":209,"column":0},"end":{"line":209,"column":13}},"209":{"start":{"line":210,"column":0},"end":{"line":210,"column":5}},"211":{"start":{"line":212,"column":0},"end":{"line":212,"column":103}},"212":{"start":{"line":213,"column":0},"end":{"line":213,"column":28}},"213":{"start":{"line":214,"column":0},"end":{"line":214,"column":34}},"214":{"start":{"line":215,"column":0},"end":{"line":215,"column":15}},"215":{"start":{"line":216,"column":0},"end":{"line":216,"column":88}},"216":{"start":{"line":217,"column":0},"end":{"line":217,"column":3}},"217":{"start":{"line":218,"column":0},"end":{"line":218,"column":5}}},"s":{"8":0,"9":0,"10":0,"11":0,"12":0,"13":0,"14":0,"15":0,"22":0,"28":0,"39":0,"40":0,"41":0,"42":0,"43":0,"44":0,"45":0,"46":0,"57":0,"59":0,"60":0,"61":0,"62":0,"63":0,"64":0,"67":0,"68":0,"69":0,"70":0,"71":0,"72":0,"73":0,"82":0,"83":0,"84":0,"85":0,"86":0,"87":0,"88":0,"89":0,"90":0,"101":0,"103":0,"104":0,"105":0,"106":0,"107":0,"108":0,"110":0,"111":0,"112":0,"113":0,"114":0,"115":0,"116":0,"117":0,"118":0,"121":0,"122":0,"123":0,"124":0,"125":0,"126":0,"127":0,"128":0,"130":0,"132":0,"133":0,"134":0,"135":0,"137":0,"138":0,"139":0,"140":0,"143":0,"144":0,"146":0,"147":0,"148":0,"149":0,"150":0,"151":0,"153":0,"154":0,"155":0,"156":0,"157":0,"158":0,"159":0,"160":0,"170":0,"171":0,"172":0,"173":0,"175":0,"176":0,"179":0,"180":0,"181":0,"182":0,"184":0,"185":0,"186":0,"187":0,"188":0,"190":0,"191":0,"192":0,"194":0,"195":0,"200":0,"201":0,"202":0,"203":0,"205":0,"206":0,"207":0,"208":0,"209":0,"211":0,"212":0,"213":0,"214":0,"215":0,"216":0,"217":0},"branchMap":{"0":{"type":"branch","line":1,"loc":{"start":{"line":1,"column":8075},"end":{"line":218,"column":5}},"locations":[{"start":{"line":1,"column":8075},"end":{"line":218,"column":5}}]}},"b":{"0":[1]},"fnMap":{"0":{"name":"(empty-report)","decl":{"start":{"line":1,"column":8075},"end":{"line":218,"column":5}},"loc":{"start":{"line":1,"column":8075},"end":{"line":218,"column":5}},"line":1}},"f":{"0":1}}
,"/Users/charllys/Downloads/Projetos/inVa/src/content/editor-sync.ts": {"path":"/Users/charllys/Downloads/Projetos/inVa/src/content/editor-sync.ts","all":false,"statementMap":{"6":{"start":{"line":7,"column":0},"end":{"line":7,"column":54}},"7":{"start":{"line":8,"column":0},"end":{"line":8,"column":70}},"8":{"start":{"line":9,"column":0},"end":{"line":9,"column":40}},"45":{"start":{"line":46,"column":0},"end":{"line":46,"column":27}},"51":{"start":{"line":52,"column":0},"end":{"line":52,"column":32}},"52":{"start":{"line":53,"column":0},"end":{"line":53,"column":23}},"53":{"start":{"line":54,"column":0},"end":{"line":54,"column":29}},"54":{"start":{"line":55,"column":0},"end":{"line":55,"column":29}},"55":{"start":{"line":56,"column":0},"end":{"line":56,"column":4}},"62":{"start":{"line":63,"column":0},"end":{"line":63,"column":37}},"63":{"start":{"line":64,"column":0},"end":{"line":64,"column":25}},"64":{"start":{"line":65,"column":0},"end":{"line":65,"column":27}},"65":{"start":{"line":66,"column":0},"end":{"line":66,"column":26}},"66":{"start":{"line":67,"column":0},"end":{"line":67,"column":25}},"67":{"start":{"line":68,"column":0},"end":{"line":68,"column":26}},"68":{"start":{"line":69,"column":0},"end":{"line":69,"column":4}},"78":{"start":{"line":79,"column":0},"end":{"line":79,"column":28}},"79":{"start":{"line":80,"column":0},"end":{"line":80,"column":86}},"80":{"start":{"line":81,"column":0},"end":{"line":81,"column":37}},"81":{"start":{"line":82,"column":0},"end":{"line":82,"column":57}},"82":{"start":{"line":83,"column":0},"end":{"line":83,"column":28}},"83":{"start":{"line":84,"column":0},"end":{"line":84,"column":28}},"84":{"start":{"line":85,"column":0},"end":{"line":85,"column":3}},"91":{"start":{"line":92,"column":0},"end":{"line":92,"column":19}},"92":{"start":{"line":93,"column":0},"end":{"line":93,"column":48}},"93":{"start":{"line":94,"column":0},"end":{"line":94,"column":50}},"94":{"start":{"line":95,"column":0},"end":{"line":95,"column":48}},"95":{"start":{"line":96,"column":0},"end":{"line":96,"column":50}},"96":{"start":{"line":97,"column":0},"end":{"line":97,"column":41}},"97":{"start":{"line":98,"column":0},"end":{"line":98,"column":59}},"98":{"start":{"line":99,"column":0},"end":{"line":99,"column":5}},"99":{"start":{"line":100,"column":0},"end":{"line":100,"column":3}},"107":{"start":{"line":108,"column":0},"end":{"line":108,"column":36}},"108":{"start":{"line":109,"column":0},"end":{"line":109,"column":86}},"109":{"start":{"line":110,"column":0},"end":{"line":110,"column":17}},"110":{"start":{"line":111,"column":0},"end":{"line":111,"column":40}},"111":{"start":{"line":112,"column":0},"end":{"line":112,"column":62}},"112":{"start":{"line":113,"column":0},"end":{"line":113,"column":39}},"113":{"start":{"line":114,"column":0},"end":{"line":114,"column":14}},"114":{"start":{"line":115,"column":0},"end":{"line":115,"column":94}},"115":{"start":{"line":116,"column":0},"end":{"line":116,"column":7}},"116":{"start":{"line":117,"column":0},"end":{"line":117,"column":39}},"117":{"start":{"line":118,"column":0},"end":{"line":118,"column":50}},"118":{"start":{"line":119,"column":0},"end":{"line":119,"column":68}},"119":{"start":{"line":120,"column":0},"end":{"line":120,"column":93}},"120":{"start":{"line":121,"column":0},"end":{"line":121,"column":47}},"121":{"start":{"line":122,"column":0},"end":{"line":122,"column":9}},"122":{"start":{"line":123,"column":0},"end":{"line":123,"column":97}},"123":{"start":{"line":124,"column":0},"end":{"line":124,"column":5}},"124":{"start":{"line":125,"column":0},"end":{"line":125,"column":3}},"132":{"start":{"line":133,"column":0},"end":{"line":133,"column":36}},"133":{"start":{"line":134,"column":0},"end":{"line":134,"column":82}},"134":{"start":{"line":135,"column":0},"end":{"line":135,"column":19}},"135":{"start":{"line":136,"column":0},"end":{"line":136,"column":40}},"136":{"start":{"line":137,"column":0},"end":{"line":137,"column":39}},"137":{"start":{"line":138,"column":0},"end":{"line":138,"column":41}},"138":{"start":{"line":139,"column":0},"end":{"line":139,"column":50}},"139":{"start":{"line":140,"column":0},"end":{"line":140,"column":68}},"140":{"start":{"line":141,"column":0},"end":{"line":141,"column":87}},"141":{"start":{"line":142,"column":0},"end":{"line":142,"column":47}},"142":{"start":{"line":143,"column":0},"end":{"line":143,"column":9}},"143":{"start":{"line":144,"column":0},"end":{"line":144,"column":97}},"144":{"start":{"line":145,"column":0},"end":{"line":145,"column":5}},"145":{"start":{"line":146,"column":0},"end":{"line":146,"column":3}},"153":{"start":{"line":154,"column":0},"end":{"line":154,"column":65}},"154":{"start":{"line":155,"column":0},"end":{"line":155,"column":39}},"155":{"start":{"line":156,"column":0},"end":{"line":156,"column":27}},"156":{"start":{"line":157,"column":0},"end":{"line":157,"column":36}},"158":{"start":{"line":159,"column":0},"end":{"line":159,"column":61}},"159":{"start":{"line":160,"column":0},"end":{"line":160,"column":63}},"161":{"start":{"line":162,"column":0},"end":{"line":162,"column":40}},"163":{"start":{"line":164,"column":0},"end":{"line":164,"column":66}},"164":{"start":{"line":165,"column":0},"end":{"line":165,"column":21}},"165":{"start":{"line":166,"column":0},"end":{"line":166,"column":41}},"166":{"start":{"line":167,"column":0},"end":{"line":167,"column":26}},"167":{"start":{"line":168,"column":0},"end":{"line":168,"column":34}},"168":{"start":{"line":169,"column":0},"end":{"line":169,"column":5}},"170":{"start":{"line":171,"column":0},"end":{"line":171,"column":41}},"171":{"start":{"line":172,"column":0},"end":{"line":172,"column":9}},"172":{"start":{"line":173,"column":0},"end":{"line":173,"column":56}},"173":{"start":{"line":174,"column":0},"end":{"line":174,"column":15}},"174":{"start":{"line":175,"column":0},"end":{"line":175,"column":44}},"175":{"start":{"line":176,"column":0},"end":{"line":176,"column":5}},"177":{"start":{"line":178,"column":0},"end":{"line":178,"column":63}},"178":{"start":{"line":179,"column":0},"end":{"line":179,"column":3}},"186":{"start":{"line":187,"column":0},"end":{"line":187,"column":58}},"187":{"start":{"line":188,"column":0},"end":{"line":188,"column":65}},"188":{"start":{"line":189,"column":0},"end":{"line":189,"column":63}},"190":{"start":{"line":191,"column":0},"end":{"line":191,"column":35}},"192":{"start":{"line":193,"column":0},"end":{"line":193,"column":70}},"193":{"start":{"line":194,"column":0},"end":{"line":194,"column":21}},"194":{"start":{"line":195,"column":0},"end":{"line":195,"column":60}},"195":{"start":{"line":196,"column":0},"end":{"line":196,"column":30}},"196":{"start":{"line":197,"column":0},"end":{"line":197,"column":38}},"197":{"start":{"line":198,"column":0},"end":{"line":198,"column":5}},"199":{"start":{"line":200,"column":0},"end":{"line":200,"column":41}},"200":{"start":{"line":201,"column":0},"end":{"line":201,"column":9}},"201":{"start":{"line":202,"column":0},"end":{"line":202,"column":56}},"202":{"start":{"line":203,"column":0},"end":{"line":203,"column":15}},"203":{"start":{"line":204,"column":0},"end":{"line":204,"column":44}},"204":{"start":{"line":205,"column":0},"end":{"line":205,"column":5}},"205":{"start":{"line":206,"column":0},"end":{"line":206,"column":3}},"214":{"start":{"line":215,"column":0},"end":{"line":215,"column":64}},"215":{"start":{"line":216,"column":0},"end":{"line":216,"column":39}},"216":{"start":{"line":217,"column":0},"end":{"line":217,"column":27}},"217":{"start":{"line":218,"column":0},"end":{"line":218,"column":30}},"219":{"start":{"line":220,"column":0},"end":{"line":220,"column":48}},"220":{"start":{"line":221,"column":0},"end":{"line":221,"column":64}},"221":{"start":{"line":222,"column":0},"end":{"line":222,"column":48}},"223":{"start":{"line":224,"column":0},"end":{"line":224,"column":63}},"224":{"start":{"line":225,"column":0},"end":{"line":225,"column":65}},"225":{"start":{"line":226,"column":0},"end":{"line":226,"column":27}},"226":{"start":{"line":227,"column":0},"end":{"line":227,"column":85}},"228":{"start":{"line":229,"column":0},"end":{"line":229,"column":26}},"229":{"start":{"line":230,"column":0},"end":{"line":230,"column":79}},"230":{"start":{"line":231,"column":0},"end":{"line":231,"column":56}},"231":{"start":{"line":232,"column":0},"end":{"line":232,"column":11}},"232":{"start":{"line":233,"column":0},"end":{"line":233,"column":39}},"233":{"start":{"line":234,"column":0},"end":{"line":234,"column":7}},"234":{"start":{"line":235,"column":0},"end":{"line":235,"column":7}},"235":{"start":{"line":236,"column":0},"end":{"line":236,"column":105}},"237":{"start":{"line":238,"column":0},"end":{"line":238,"column":39}},"238":{"start":{"line":239,"column":0},"end":{"line":239,"column":3}},"247":{"start":{"line":248,"column":0},"end":{"line":248,"column":66}},"248":{"start":{"line":249,"column":0},"end":{"line":249,"column":41}},"249":{"start":{"line":250,"column":0},"end":{"line":250,"column":59}},"250":{"start":{"line":251,"column":0},"end":{"line":251,"column":5}},"252":{"start":{"line":253,"column":0},"end":{"line":253,"column":21}},"253":{"start":{"line":254,"column":0},"end":{"line":254,"column":26}},"255":{"start":{"line":256,"column":0},"end":{"line":256,"column":63}},"256":{"start":{"line":257,"column":0},"end":{"line":257,"column":17}},"257":{"start":{"line":258,"column":0},"end":{"line":258,"column":91}},"259":{"start":{"line":260,"column":0},"end":{"line":260,"column":20}},"260":{"start":{"line":261,"column":0},"end":{"line":261,"column":24}},"261":{"start":{"line":262,"column":0},"end":{"line":262,"column":14}},"262":{"start":{"line":263,"column":0},"end":{"line":263,"column":26}},"263":{"start":{"line":264,"column":0},"end":{"line":264,"column":7}},"265":{"start":{"line":266,"column":0},"end":{"line":266,"column":52}},"266":{"start":{"line":267,"column":0},"end":{"line":267,"column":74}},"267":{"start":{"line":268,"column":0},"end":{"line":268,"column":66}},"269":{"start":{"line":270,"column":0},"end":{"line":270,"column":50}},"270":{"start":{"line":271,"column":0},"end":{"line":271,"column":27}},"271":{"start":{"line":272,"column":0},"end":{"line":272,"column":76}},"272":{"start":{"line":273,"column":0},"end":{"line":273,"column":9}},"273":{"start":{"line":274,"column":0},"end":{"line":274,"column":45}},"274":{"start":{"line":275,"column":0},"end":{"line":275,"column":63}},"275":{"start":{"line":276,"column":0},"end":{"line":276,"column":48}},"276":{"start":{"line":277,"column":0},"end":{"line":277,"column":9}},"277":{"start":{"line":278,"column":0},"end":{"line":278,"column":7}},"278":{"start":{"line":279,"column":0},"end":{"line":279,"column":37}},"279":{"start":{"line":280,"column":0},"end":{"line":280,"column":3}},"287":{"start":{"line":288,"column":0},"end":{"line":288,"column":60}},"288":{"start":{"line":289,"column":0},"end":{"line":289,"column":48}},"289":{"start":{"line":290,"column":0},"end":{"line":290,"column":64}},"290":{"start":{"line":291,"column":0},"end":{"line":291,"column":48}},"292":{"start":{"line":293,"column":0},"end":{"line":293,"column":67}},"293":{"start":{"line":294,"column":0},"end":{"line":294,"column":65}},"294":{"start":{"line":295,"column":0},"end":{"line":295,"column":27}},"295":{"start":{"line":296,"column":0},"end":{"line":296,"column":87}},"297":{"start":{"line":298,"column":0},"end":{"line":298,"column":26}},"298":{"start":{"line":299,"column":0},"end":{"line":299,"column":86}},"299":{"start":{"line":300,"column":0},"end":{"line":300,"column":56}},"300":{"start":{"line":301,"column":0},"end":{"line":301,"column":11}},"301":{"start":{"line":302,"column":0},"end":{"line":302,"column":41}},"302":{"start":{"line":303,"column":0},"end":{"line":303,"column":7}},"303":{"start":{"line":304,"column":0},"end":{"line":304,"column":7}},"304":{"start":{"line":305,"column":0},"end":{"line":305,"column":109}},"305":{"start":{"line":306,"column":0},"end":{"line":306,"column":3}},"313":{"start":{"line":314,"column":0},"end":{"line":314,"column":62}},"314":{"start":{"line":315,"column":0},"end":{"line":315,"column":39}},"315":{"start":{"line":316,"column":0},"end":{"line":316,"column":27}},"316":{"start":{"line":317,"column":0},"end":{"line":317,"column":36}},"317":{"start":{"line":318,"column":0},"end":{"line":318,"column":37}},"318":{"start":{"line":319,"column":0},"end":{"line":319,"column":52}},"319":{"start":{"line":320,"column":0},"end":{"line":320,"column":3}},"327":{"start":{"line":328,"column":0},"end":{"line":328,"column":58}},"328":{"start":{"line":329,"column":0},"end":{"line":329,"column":42}},"329":{"start":{"line":330,"column":0},"end":{"line":330,"column":81}},"330":{"start":{"line":331,"column":0},"end":{"line":331,"column":3}},"337":{"start":{"line":338,"column":0},"end":{"line":338,"column":46}},"338":{"start":{"line":339,"column":0},"end":{"line":339,"column":42}},"339":{"start":{"line":340,"column":0},"end":{"line":340,"column":51}},"340":{"start":{"line":341,"column":0},"end":{"line":341,"column":45}},"341":{"start":{"line":342,"column":0},"end":{"line":342,"column":5}},"342":{"start":{"line":343,"column":0},"end":{"line":343,"column":3}},"349":{"start":{"line":350,"column":0},"end":{"line":350,"column":46}},"350":{"start":{"line":351,"column":0},"end":{"line":351,"column":42}},"351":{"start":{"line":352,"column":0},"end":{"line":352,"column":51}},"352":{"start":{"line":353,"column":0},"end":{"line":353,"column":45}},"353":{"start":{"line":354,"column":0},"end":{"line":354,"column":5}},"354":{"start":{"line":355,"column":0},"end":{"line":355,"column":3}},"355":{"start":{"line":356,"column":0},"end":{"line":356,"column":1}},"365":{"start":{"line":366,"column":0},"end":{"line":366,"column":52}}},"s":{"6":1,"7":1,"8":1,"45":1,"51":1,"52":1,"53":1,"54":1,"55":1,"62":1,"63":1,"64":1,"65":1,"66":1,"67":1,"68":1,"78":1,"79":38,"80":38,"81":38,"82":38,"83":38,"84":38,"91":1,"92":78,"93":78,"94":78,"95":78,"96":78,"97":39,"98":39,"99":78,"107":1,"108":38,"109":38,"110":11,"111":11,"112":9,"113":11,"114":2,"115":2,"116":11,"117":38,"118":6,"119":0,"120":0,"121":6,"122":6,"123":6,"124":38,"132":1,"133":38,"134":38,"135":19,"136":19,"137":19,"138":19,"139":4,"140":0,"141":0,"142":4,"143":4,"144":4,"145":38,"153":1,"154":20,"155":20,"156":20,"158":20,"159":20,"161":20,"163":8,"164":8,"165":8,"166":8,"167":8,"168":8,"170":8,"171":8,"172":8,"173":8,"174":8,"175":8,"177":20,"178":20,"186":1,"187":20,"188":20,"190":20,"192":18,"193":20,"194":14,"195":14,"196":14,"197":14,"199":18,"200":18,"201":18,"202":18,"203":18,"204":18,"205":20,"214":1,"215":11,"216":11,"217":11,"219":11,"220":11,"221":0,"223":0,"224":0,"225":0,"226":0,"228":0,"229":0,"230":0,"231":0,"232":0,"233":0,"234":11,"235":11,"237":11,"238":11,"247":1,"248":10,"249":6,"250":6,"252":10,"253":10,"255":10,"256":9,"257":9,"259":9,"260":8,"261":9,"262":1,"263":1,"265":9,"266":9,"267":9,"269":9,"270":3,"271":1,"272":1,"273":3,"274":3,"275":3,"276":3,"277":3,"278":10,"279":10,"287":1,"288":19,"289":19,"290":2,"292":2,"293":2,"294":2,"295":2,"297":2,"298":1,"299":1,"300":1,"301":1,"302":1,"303":19,"304":19,"305":19,"313":1,"314":0,"315":0,"316":0,"317":0,"318":0,"319":0,"327":1,"328":1,"329":1,"330":1,"337":1,"338":11,"339":5,"340":5,"341":5,"342":11,"349":1,"350":19,"351":4,"352":4,"353":4,"354":19,"355":1,"365":1},"branchMap":{"0":{"type":"branch","line":46,"loc":{"start":{"line":46,"column":0},"end":{"line":69,"column":4}},"locations":[{"start":{"line":46,"column":0},"end":{"line":69,"column":4}}]},"1":{"type":"branch","line":79,"loc":{"start":{"line":79,"column":2},"end":{"line":85,"column":3}},"locations":[{"start":{"line":79,"column":2},"end":{"line":85,"column":3}}]},"2":{"type":"branch","line":92,"loc":{"start":{"line":92,"column":2},"end":{"line":100,"column":3}},"locations":[{"start":{"line":92,"column":2},"end":{"line":100,"column":3}}]},"3":{"type":"branch","line":93,"loc":{"start":{"line":93,"column":19},"end":{"line":93,"column":46}},"locations":[{"start":{"line":93,"column":19},"end":{"line":93,"column":46}}]},"4":{"type":"branch","line":94,"loc":{"start":{"line":94,"column":19},"end":{"line":94,"column":48}},"locations":[{"start":{"line":94,"column":19},"end":{"line":94,"column":48}}]},"5":{"type":"branch","line":95,"loc":{"start":{"line":95,"column":19},"end":{"line":95,"column":46}},"locations":[{"start":{"line":95,"column":19},"end":{"line":95,"column":46}}]},"6":{"type":"branch","line":96,"loc":{"start":{"line":96,"column":19},"end":{"line":96,"column":48}},"locations":[{"start":{"line":96,"column":19},"end":{"line":96,"column":48}}]},"7":{"type":"branch","line":97,"loc":{"start":{"line":97,"column":40},"end":{"line":99,"column":5}},"locations":[{"start":{"line":97,"column":40},"end":{"line":99,"column":5}}]},"8":{"type":"branch","line":108,"loc":{"start":{"line":108,"column":10},"end":{"line":125,"column":3}},"locations":[{"start":{"line":108,"column":10},"end":{"line":125,"column":3}}]},"9":{"type":"branch","line":110,"loc":{"start":{"line":110,"column":16},"end":{"line":118,"column":15}},"locations":[{"start":{"line":110,"column":16},"end":{"line":118,"column":15}}]},"10":{"type":"branch","line":112,"loc":{"start":{"line":112,"column":61},"end":{"line":114,"column":13}},"locations":[{"start":{"line":112,"column":61},"end":{"line":114,"column":13}}]},"11":{"type":"branch","line":114,"loc":{"start":{"line":114,"column":6},"end":{"line":116,"column":7}},"locations":[{"start":{"line":114,"column":6},"end":{"line":116,"column":7}}]},"12":{"type":"branch","line":118,"loc":{"start":{"line":118,"column":4},"end":{"line":124,"column":5}},"locations":[{"start":{"line":118,"column":4},"end":{"line":124,"column":5}}]},"13":{"type":"branch","line":118,"loc":{"start":{"line":118,"column":49},"end":{"line":124,"column":5}},"locations":[{"start":{"line":118,"column":49},"end":{"line":124,"column":5}}]},"14":{"type":"branch","line":115,"loc":{"start":{"line":115,"column":40},"end":{"line":115,"column":78}},"locations":[{"start":{"line":115,"column":40},"end":{"line":115,"column":78}}]},"15":{"type":"branch","line":133,"loc":{"start":{"line":133,"column":10},"end":{"line":146,"column":3}},"locations":[{"start":{"line":133,"column":10},"end":{"line":146,"column":3}}]},"16":{"type":"branch","line":135,"loc":{"start":{"line":135,"column":18},"end":{"line":145,"column":5}},"locations":[{"start":{"line":135,"column":18},"end":{"line":145,"column":5}}]},"17":{"type":"branch","line":139,"loc":{"start":{"line":139,"column":49},"end":{"line":145,"column":5}},"locations":[{"start":{"line":139,"column":49},"end":{"line":145,"column":5}}]},"18":{"type":"branch","line":154,"loc":{"start":{"line":154,"column":10},"end":{"line":179,"column":3}},"locations":[{"start":{"line":154,"column":10},"end":{"line":179,"column":3}}]},"19":{"type":"branch","line":156,"loc":{"start":{"line":156,"column":17},"end":{"line":156,"column":27}},"locations":[{"start":{"line":156,"column":17},"end":{"line":156,"column":27}}]},"20":{"type":"branch","line":157,"loc":{"start":{"line":157,"column":9},"end":{"line":157,"column":23}},"locations":[{"start":{"line":157,"column":9},"end":{"line":157,"column":23}}]},"21":{"type":"branch","line":157,"loc":{"start":{"line":157,"column":23},"end":{"line":157,"column":36}},"locations":[{"start":{"line":157,"column":23},"end":{"line":157,"column":36}}]},"22":{"type":"branch","line":157,"loc":{"start":{"line":157,"column":30},"end":{"line":159,"column":57}},"locations":[{"start":{"line":157,"column":30},"end":{"line":159,"column":57}}]},"23":{"type":"branch","line":159,"loc":{"start":{"line":159,"column":42},"end":{"line":159,"column":59}},"locations":[{"start":{"line":159,"column":42},"end":{"line":159,"column":59}}]},"24":{"type":"branch","line":162,"loc":{"start":{"line":162,"column":28},"end":{"line":162,"column":40}},"locations":[{"start":{"line":162,"column":28},"end":{"line":162,"column":40}}]},"25":{"type":"branch","line":162,"loc":{"start":{"line":162,"column":35},"end":{"line":178,"column":48}},"locations":[{"start":{"line":162,"column":35},"end":{"line":178,"column":48}}]},"26":{"type":"branch","line":178,"loc":{"start":{"line":178,"column":33},"end":{"line":178,"column":50}},"locations":[{"start":{"line":178,"column":33},"end":{"line":178,"column":50}}]},"27":{"type":"branch","line":187,"loc":{"start":{"line":187,"column":10},"end":{"line":206,"column":3}},"locations":[{"start":{"line":187,"column":10},"end":{"line":206,"column":3}}]},"28":{"type":"branch","line":188,"loc":{"start":{"line":188,"column":46},"end":{"line":188,"column":63}},"locations":[{"start":{"line":188,"column":46},"end":{"line":188,"column":63}}]},"29":{"type":"branch","line":191,"loc":{"start":{"line":191,"column":28},"end":{"line":191,"column":35}},"locations":[{"start":{"line":191,"column":28},"end":{"line":191,"column":35}}]},"30":{"type":"branch","line":191,"loc":{"start":{"line":191,"column":28},"end":{"line":194,"column":20}},"locations":[{"start":{"line":191,"column":28},"end":{"line":194,"column":20}}]},"31":{"type":"branch","line":194,"loc":{"start":{"line":194,"column":20},"end":{"line":198,"column":5}},"locations":[{"start":{"line":194,"column":20},"end":{"line":198,"column":5}}]},"32":{"type":"branch","line":198,"loc":{"start":{"line":198,"column":4},"end":{"line":205,"column":5}},"locations":[{"start":{"line":198,"column":4},"end":{"line":205,"column":5}}]},"33":{"type":"branch","line":215,"loc":{"start":{"line":215,"column":10},"end":{"line":239,"column":3}},"locations":[{"start":{"line":215,"column":10},"end":{"line":239,"column":3}}]},"34":{"type":"branch","line":218,"loc":{"start":{"line":218,"column":23},"end":{"line":218,"column":30}},"locations":[{"start":{"line":218,"column":23},"end":{"line":218,"column":30}}]},"35":{"type":"branch","line":218,"loc":{"start":{"line":218,"column":23},"end":{"line":220,"column":35}},"locations":[{"start":{"line":218,"column":23},"end":{"line":220,"column":35}}]},"36":{"type":"branch","line":220,"loc":{"start":{"line":220,"column":19},"end":{"line":220,"column":46}},"locations":[{"start":{"line":220,"column":19},"end":{"line":220,"column":46}}]},"37":{"type":"branch","line":248,"loc":{"start":{"line":248,"column":10},"end":{"line":280,"column":3}},"locations":[{"start":{"line":248,"column":10},"end":{"line":280,"column":3}}]},"38":{"type":"branch","line":249,"loc":{"start":{"line":249,"column":40},"end":{"line":251,"column":5}},"locations":[{"start":{"line":249,"column":40},"end":{"line":251,"column":5}}]},"39":{"type":"branch","line":256,"loc":{"start":{"line":256,"column":56},"end":{"line":279,"column":7}},"locations":[{"start":{"line":256,"column":56},"end":{"line":279,"column":7}}]},"40":{"type":"branch","line":258,"loc":{"start":{"line":258,"column":82},"end":{"line":258,"column":91}},"locations":[{"start":{"line":258,"column":82},"end":{"line":258,"column":91}}]},"41":{"type":"branch","line":260,"loc":{"start":{"line":260,"column":19},"end":{"line":262,"column":13}},"locations":[{"start":{"line":260,"column":19},"end":{"line":262,"column":13}}]},"42":{"type":"branch","line":262,"loc":{"start":{"line":262,"column":6},"end":{"line":264,"column":7}},"locations":[{"start":{"line":262,"column":6},"end":{"line":264,"column":7}}]},"43":{"type":"branch","line":270,"loc":{"start":{"line":270,"column":11},"end":{"line":270,"column":38}},"locations":[{"start":{"line":270,"column":11},"end":{"line":270,"column":38}}]},"44":{"type":"branch","line":270,"loc":{"start":{"line":270,"column":26},"end":{"line":270,"column":49}},"locations":[{"start":{"line":270,"column":26},"end":{"line":270,"column":49}}]},"45":{"type":"branch","line":270,"loc":{"start":{"line":270,"column":49},"end":{"line":278,"column":7}},"locations":[{"start":{"line":270,"column":49},"end":{"line":278,"column":7}}]},"46":{"type":"branch","line":271,"loc":{"start":{"line":271,"column":26},"end":{"line":273,"column":9}},"locations":[{"start":{"line":271,"column":26},"end":{"line":273,"column":9}}]},"47":{"type":"branch","line":288,"loc":{"start":{"line":288,"column":10},"end":{"line":306,"column":3}},"locations":[{"start":{"line":288,"column":10},"end":{"line":306,"column":3}}]},"48":{"type":"branch","line":289,"loc":{"start":{"line":289,"column":19},"end":{"line":289,"column":46}},"locations":[{"start":{"line":289,"column":19},"end":{"line":289,"column":46}}]},"49":{"type":"branch","line":290,"loc":{"start":{"line":290,"column":57},"end":{"line":304,"column":5}},"locations":[{"start":{"line":290,"column":57},"end":{"line":304,"column":5}}]},"50":{"type":"branch","line":291,"loc":{"start":{"line":291,"column":41},"end":{"line":291,"column":48}},"locations":[{"start":{"line":291,"column":41},"end":{"line":291,"column":48}}]},"51":{"type":"branch","line":293,"loc":{"start":{"line":293,"column":48},"end":{"line":293,"column":65}},"locations":[{"start":{"line":293,"column":48},"end":{"line":293,"column":65}}]},"52":{"type":"branch","line":296,"loc":{"start":{"line":296,"column":51},"end":{"line":296,"column":87}},"locations":[{"start":{"line":296,"column":51},"end":{"line":296,"column":87}}]},"53":{"type":"branch","line":298,"loc":{"start":{"line":298,"column":25},"end":{"line":303,"column":7}},"locations":[{"start":{"line":298,"column":25},"end":{"line":303,"column":7}}]},"54":{"type":"branch","line":328,"loc":{"start":{"line":328,"column":10},"end":{"line":331,"column":3}},"locations":[{"start":{"line":328,"column":10},"end":{"line":331,"column":3}}]},"55":{"type":"branch","line":338,"loc":{"start":{"line":338,"column":10},"end":{"line":343,"column":3}},"locations":[{"start":{"line":338,"column":10},"end":{"line":343,"column":3}}]},"56":{"type":"branch","line":339,"loc":{"start":{"line":339,"column":41},"end":{"line":342,"column":5}},"locations":[{"start":{"line":339,"column":41},"end":{"line":342,"column":5}}]},"57":{"type":"branch","line":350,"loc":{"start":{"line":350,"column":10},"end":{"line":355,"column":3}},"locations":[{"start":{"line":350,"column":10},"end":{"line":355,"column":3}}]},"58":{"type":"branch","line":351,"loc":{"start":{"line":351,"column":41},"end":{"line":354,"column":5}},"locations":[{"start":{"line":351,"column":41},"end":{"line":354,"column":5}}]}},"b":{"0":[1],"1":[38],"2":[78],"3":[53],"4":[55],"5":[63],"6":[42],"7":[39],"8":[38],"9":[11],"10":[9],"11":[2],"12":[27],"13":[6],"14":[2],"15":[38],"16":[19],"17":[4],"18":[20],"19":[17],"20":[17],"21":[3],"22":[17],"23":[0],"24":[9],"25":[8],"26":[0],"27":[20],"28":[0],"29":[2],"30":[18],"31":[14],"32":[18],"33":[11],"34":[1],"35":[10],"36":[9],"37":[10],"38":[6],"39":[9],"40":[0],"41":[8],"42":[1],"43":[8],"44":[6],"45":[3],"46":[1],"47":[19],"48":[18],"49":[2],"50":[0],"51":[0],"52":[1],"53":[1],"54":[1],"55":[11],"56":[5],"57":[19],"58":[4]},"fnMap":{"0":{"name":"CKEditorSyncManager","decl":{"start":{"line":46,"column":0},"end":{"line":69,"column":4}},"loc":{"start":{"line":46,"column":0},"end":{"line":69,"column":4}},"line":46},"1":{"name":"sync","decl":{"start":{"line":79,"column":2},"end":{"line":85,"column":3}},"loc":{"start":{"line":79,"column":2},"end":{"line":85,"column":3}},"line":79},"2":{"name":"cleanup","decl":{"start":{"line":92,"column":2},"end":{"line":100,"column":3}},"loc":{"start":{"line":92,"column":2},"end":{"line":100,"column":3}},"line":92},"3":{"name":"syncIframeEditor","decl":{"start":{"line":108,"column":10},"end":{"line":125,"column":3}},"loc":{"start":{"line":108,"column":10},"end":{"line":125,"column":3}},"line":108},"4":{"name":"iframe.addEventListener.once","decl":{"start":{"line":115,"column":40},"end":{"line":115,"column":78}},"loc":{"start":{"line":115,"column":40},"end":{"line":115,"column":78}},"line":115},"5":{"name":"syncInlineEditor","decl":{"start":{"line":133,"column":10},"end":{"line":146,"column":3}},"loc":{"start":{"line":133,"column":10},"end":{"line":146,"column":3}},"line":133},"6":{"name":"applyTextToIframe","decl":{"start":{"line":154,"column":10},"end":{"line":179,"column":3}},"loc":{"start":{"line":154,"column":10},"end":{"line":179,"column":3}},"line":154},"7":{"name":"applyTextToInline","decl":{"start":{"line":187,"column":10},"end":{"line":206,"column":3}},"loc":{"start":{"line":187,"column":10},"end":{"line":206,"column":3}},"line":187},"8":{"name":"startIframeWatchers","decl":{"start":{"line":215,"column":10},"end":{"line":239,"column":3}},"loc":{"start":{"line":215,"column":10},"end":{"line":239,"column":3}},"line":215},"9":{"name":"startStabilityChecker","decl":{"start":{"line":248,"column":10},"end":{"line":280,"column":3}},"loc":{"start":{"line":248,"column":10},"end":{"line":280,"column":3}},"line":248},"10":{"name":"startInlineWatchers","decl":{"start":{"line":288,"column":10},"end":{"line":306,"column":3}},"loc":{"start":{"line":288,"column":10},"end":{"line":306,"column":3}},"line":288},"11":{"name":"iframeHasFocus","decl":{"start":{"line":314,"column":10},"end":{"line":320,"column":3}},"loc":{"start":{"line":314,"column":10},"end":{"line":320,"column":3}},"line":314},"12":{"name":"inlineHasFocus","decl":{"start":{"line":328,"column":10},"end":{"line":331,"column":3}},"loc":{"start":{"line":328,"column":10},"end":{"line":331,"column":3}},"line":328},"13":{"name":"disconnectIframeAppearance","decl":{"start":{"line":338,"column":10},"end":{"line":343,"column":3}},"loc":{"start":{"line":338,"column":10},"end":{"line":343,"column":3}},"line":338},"14":{"name":"disconnectInlineAppearance","decl":{"start":{"line":350,"column":10},"end":{"line":355,"column":3}},"loc":{"start":{"line":350,"column":10},"end":{"line":355,"column":3}},"line":350}},"f":{"0":1,"1":38,"2":78,"3":38,"4":2,"5":38,"6":20,"7":20,"8":11,"9":10,"10":19,"11":0,"12":1,"13":11,"14":19}}
,"/Users/charllys/Downloads/Projetos/inVa/src/popup/popup.ts": {"path":"/Users/charllys/Downloads/Projetos/inVa/src/popup/popup.ts","all":true,"statementMap":{"8":{"start":{"line":9,"column":0},"end":{"line":9,"column":78}},"9":{"start":{"line":10,"column":0},"end":{"line":10,"column":50}},"10":{"start":{"line":11,"column":0},"end":{"line":11,"column":43}},"15":{"start":{"line":16,"column":0},"end":{"line":16,"column":87}},"16":{"start":{"line":17,"column":0},"end":{"line":17,"column":66}},"17":{"start":{"line":18,"column":0},"end":{"line":18,"column":88}},"18":{"start":{"line":19,"column":0},"end":{"line":19,"column":96}},"19":{"start":{"line":20,"column":0},"end":{"line":20,"column":56}},"20":{"start":{"line":21,"column":0},"end":{"line":21,"column":58}},"21":{"start":{"line":22,"column":0},"end":{"line":22,"column":82}},"22":{"start":{"line":23,"column":0},"end":{"line":23,"column":62}},"27":{"start":{"line":28,"column":0},"end":{"line":28,"column":5}},"28":{"start":{"line":29,"column":0},"end":{"line":29,"column":48}},"29":{"start":{"line":30,"column":0},"end":{"line":30,"column":60}},"30":{"start":{"line":31,"column":0},"end":{"line":31,"column":24}},"31":{"start":{"line":32,"column":0},"end":{"line":32,"column":48}},"32":{"start":{"line":33,"column":0},"end":{"line":33,"column":3}},"33":{"start":{"line":34,"column":0},"end":{"line":34,"column":9}},"34":{"start":{"line":35,"column":0},"end":{"line":35,"column":24}},"35":{"start":{"line":36,"column":0},"end":{"line":36,"column":38}},"36":{"start":{"line":37,"column":0},"end":{"line":37,"column":3}},"37":{"start":{"line":38,"column":0},"end":{"line":38,"column":1}},"43":{"start":{"line":44,"column":0},"end":{"line":44,"column":14}},"44":{"start":{"line":45,"column":0},"end":{"line":45,"column":7}},"45":{"start":{"line":46,"column":0},"end":{"line":46,"column":51}},"46":{"start":{"line":47,"column":0},"end":{"line":47,"column":28}},"47":{"start":{"line":48,"column":0},"end":{"line":48,"column":29}},"48":{"start":{"line":49,"column":0},"end":{"line":49,"column":77}},"49":{"start":{"line":50,"column":0},"end":{"line":50,"column":5}},"51":{"start":{"line":52,"column":0},"end":{"line":52,"column":49}},"52":{"start":{"line":53,"column":0},"end":{"line":53,"column":65}},"53":{"start":{"line":54,"column":0},"end":{"line":54,"column":70}},"54":{"start":{"line":55,"column":0},"end":{"line":55,"column":15}},"56":{"start":{"line":57,"column":0},"end":{"line":57,"column":3}},"57":{"start":{"line":58,"column":0},"end":{"line":58,"column":5}},"63":{"start":{"line":64,"column":0},"end":{"line":64,"column":17}},"64":{"start":{"line":65,"column":0},"end":{"line":65,"column":52}},"65":{"start":{"line":66,"column":0},"end":{"line":66,"column":47}},"66":{"start":{"line":67,"column":0},"end":{"line":67,"column":95}},"67":{"start":{"line":68,"column":0},"end":{"line":68,"column":9}},"69":{"start":{"line":70,"column":0},"end":{"line":70,"column":18}},"71":{"start":{"line":72,"column":0},"end":{"line":72,"column":87}},"72":{"start":{"line":73,"column":0},"end":{"line":73,"column":46}},"73":{"start":{"line":74,"column":0},"end":{"line":74,"column":85}},"74":{"start":{"line":75,"column":0},"end":{"line":75,"column":25}},"75":{"start":{"line":76,"column":0},"end":{"line":76,"column":44}},"76":{"start":{"line":77,"column":0},"end":{"line":77,"column":36}},"77":{"start":{"line":78,"column":0},"end":{"line":78,"column":28}},"78":{"start":{"line":79,"column":0},"end":{"line":79,"column":29}},"79":{"start":{"line":80,"column":0},"end":{"line":80,"column":39}},"80":{"start":{"line":81,"column":0},"end":{"line":81,"column":13}},"81":{"start":{"line":82,"column":0},"end":{"line":82,"column":48}},"82":{"start":{"line":83,"column":0},"end":{"line":83,"column":9}},"83":{"start":{"line":84,"column":0},"end":{"line":84,"column":14}},"84":{"start":{"line":85,"column":0},"end":{"line":85,"column":75}},"85":{"start":{"line":86,"column":0},"end":{"line":86,"column":7}},"86":{"start":{"line":87,"column":0},"end":{"line":87,"column":17}},"87":{"start":{"line":88,"column":0},"end":{"line":88,"column":84}},"88":{"start":{"line":89,"column":0},"end":{"line":89,"column":23}},"89":{"start":{"line":90,"column":0},"end":{"line":90,"column":51}},"90":{"start":{"line":91,"column":0},"end":{"line":91,"column":34}},"91":{"start":{"line":92,"column":0},"end":{"line":92,"column":7}},"92":{"start":{"line":93,"column":0},"end":{"line":93,"column":5}},"93":{"start":{"line":94,"column":0},"end":{"line":94,"column":5}},"94":{"start":{"line":95,"column":0},"end":{"line":95,"column":1}},"100":{"start":{"line":101,"column":0},"end":{"line":101,"column":62}},"101":{"start":{"line":102,"column":0},"end":{"line":102,"column":73}},"102":{"start":{"line":103,"column":0},"end":{"line":103,"column":89}},"103":{"start":{"line":104,"column":0},"end":{"line":104,"column":3}},"109":{"start":{"line":110,"column":0},"end":{"line":110,"column":52}},"110":{"start":{"line":111,"column":0},"end":{"line":111,"column":52}},"111":{"start":{"line":112,"column":0},"end":{"line":112,"column":40}},"112":{"start":{"line":113,"column":0},"end":{"line":113,"column":19}},"113":{"start":{"line":114,"column":0},"end":{"line":114,"column":30}},"114":{"start":{"line":115,"column":0},"end":{"line":115,"column":33}},"115":{"start":{"line":116,"column":0},"end":{"line":116,"column":165}},"116":{"start":{"line":117,"column":0},"end":{"line":117,"column":18}},"117":{"start":{"line":118,"column":0},"end":{"line":118,"column":3}},"118":{"start":{"line":119,"column":0},"end":{"line":119,"column":3}},"124":{"start":{"line":125,"column":0},"end":{"line":125,"column":53}},"125":{"start":{"line":126,"column":0},"end":{"line":126,"column":56}},"126":{"start":{"line":127,"column":0},"end":{"line":127,"column":29}},"127":{"start":{"line":128,"column":0},"end":{"line":128,"column":19}},"128":{"start":{"line":129,"column":0},"end":{"line":129,"column":32}},"129":{"start":{"line":130,"column":0},"end":{"line":130,"column":29}},"130":{"start":{"line":131,"column":0},"end":{"line":131,"column":3}},"131":{"start":{"line":132,"column":0},"end":{"line":132,"column":3}}},"s":{"8":0,"9":0,"10":0,"15":0,"16":0,"17":0,"18":0,"19":0,"20":0,"21":0,"22":0,"27":0,"28":0,"29":0,"30":0,"31":0,"32":0,"33":0,"34":0,"35":0,"36":0,"37":0,"43":0,"44":0,"45":0,"46":0,"47":0,"48":0,"49":0,"51":0,"52":0,"53":0,"54":0,"56":0,"57":0,"63":0,"64":0,"65":0,"66":0,"67":0,"69":0,"71":0,"72":0,"73":0,"74":0,"75":0,"76":0,"77":0,"78":0,"79":0,"80":0,"81":0,"82":0,"83":0,"84":0,"85":0,"86":0,"87":0,"88":0,"89":0,"90":0,"91":0,"92":0,"93":0,"94":0,"100":0,"101":0,"102":0,"103":0,"109":0,"110":0,"111":0,"112":0,"113":0,"114":0,"115":0,"116":0,"117":0,"118":0,"124":0,"125":0,"126":0,"127":0,"128":0,"129":0,"130":0,"131":0},"branchMap":{"0":{"type":"branch","line":1,"loc":{"start":{"line":1,"column":4325},"end":{"line":132,"column":3}},"locations":[{"start":{"line":1,"column":4325},"end":{"line":132,"column":3}}]}},"b":{"0":[1]},"fnMap":{"0":{"name":"(empty-report)","decl":{"start":{"line":1,"column":4325},"end":{"line":132,"column":3}},"loc":{"start":{"line":1,"column":4325},"end":{"line":132,"column":3}},"line":1}},"f":{"0":1}}
,"/Users/charllys/Downloads/Projetos/inVa/src/shared/comment-storage.ts": {"path":"/Users/charllys/Downloads/Projetos/inVa/src/shared/comment-storage.ts","all":false,"statementMap":{"7":{"start":{"line":8,"column":0},"end":{"line":8,"column":43}},"9":{"start":{"line":10,"column":0},"end":{"line":10,"column":34}},"16":{"start":{"line":17,"column":0},"end":{"line":17,"column":29}},"22":{"start":{"line":23,"column":0},"end":{"line":23,"column":65}},"32":{"start":{"line":33,"column":0},"end":{"line":33,"column":31}},"33":{"start":{"line":34,"column":0},"end":{"line":34,"column":50}},"34":{"start":{"line":35,"column":0},"end":{"line":35,"column":3}},"44":{"start":{"line":45,"column":0},"end":{"line":45,"column":44}},"45":{"start":{"line":46,"column":0},"end":{"line":46,"column":37}},"46":{"start":{"line":47,"column":0},"end":{"line":47,"column":58}},"47":{"start":{"line":48,"column":0},"end":{"line":48,"column":42}},"48":{"start":{"line":49,"column":0},"end":{"line":49,"column":9}},"49":{"start":{"line":50,"column":0},"end":{"line":50,"column":7}},"50":{"start":{"line":51,"column":0},"end":{"line":51,"column":3}},"62":{"start":{"line":63,"column":0},"end":{"line":63,"column":57}},"63":{"start":{"line":64,"column":0},"end":{"line":64,"column":45}},"64":{"start":{"line":65,"column":0},"end":{"line":65,"column":56}},"65":{"start":{"line":66,"column":0},"end":{"line":66,"column":45}},"66":{"start":{"line":67,"column":0},"end":{"line":67,"column":18}},"67":{"start":{"line":68,"column":0},"end":{"line":68,"column":22}},"68":{"start":{"line":69,"column":0},"end":{"line":69,"column":16}},"69":{"start":{"line":70,"column":0},"end":{"line":70,"column":20}},"70":{"start":{"line":71,"column":0},"end":{"line":71,"column":9}},"71":{"start":{"line":72,"column":0},"end":{"line":72,"column":9}},"72":{"start":{"line":73,"column":0},"end":{"line":73,"column":7}},"73":{"start":{"line":74,"column":0},"end":{"line":74,"column":3}},"86":{"start":{"line":87,"column":0},"end":{"line":87,"column":72}},"87":{"start":{"line":88,"column":0},"end":{"line":88,"column":41}},"88":{"start":{"line":89,"column":0},"end":{"line":89,"column":45}},"89":{"start":{"line":90,"column":0},"end":{"line":90,"column":46}},"90":{"start":{"line":91,"column":0},"end":{"line":91,"column":45}},"91":{"start":{"line":92,"column":0},"end":{"line":92,"column":40}},"92":{"start":{"line":93,"column":0},"end":{"line":93,"column":18}},"93":{"start":{"line":94,"column":0},"end":{"line":94,"column":81}},"94":{"start":{"line":95,"column":0},"end":{"line":95,"column":31}},"95":{"start":{"line":96,"column":0},"end":{"line":96,"column":19}},"96":{"start":{"line":97,"column":0},"end":{"line":97,"column":15}},"97":{"start":{"line":98,"column":0},"end":{"line":98,"column":13}},"98":{"start":{"line":99,"column":0},"end":{"line":99,"column":22}},"99":{"start":{"line":100,"column":0},"end":{"line":100,"column":16}},"100":{"start":{"line":101,"column":0},"end":{"line":101,"column":87}},"101":{"start":{"line":102,"column":0},"end":{"line":102,"column":20}},"102":{"start":{"line":103,"column":0},"end":{"line":103,"column":9}},"103":{"start":{"line":104,"column":0},"end":{"line":104,"column":9}},"104":{"start":{"line":105,"column":0},"end":{"line":105,"column":7}},"105":{"start":{"line":106,"column":0},"end":{"line":106,"column":3}},"112":{"start":{"line":113,"column":0},"end":{"line":113,"column":43}},"113":{"start":{"line":114,"column":0},"end":{"line":114,"column":40}},"114":{"start":{"line":115,"column":0},"end":{"line":115,"column":3}},"121":{"start":{"line":122,"column":0},"end":{"line":122,"column":42}},"122":{"start":{"line":123,"column":0},"end":{"line":123,"column":36}},"123":{"start":{"line":124,"column":0},"end":{"line":124,"column":3}},"130":{"start":{"line":131,"column":0},"end":{"line":131,"column":72}},"131":{"start":{"line":132,"column":0},"end":{"line":132,"column":40}},"132":{"start":{"line":133,"column":0},"end":{"line":133,"column":3}},"133":{"start":{"line":134,"column":0},"end":{"line":134,"column":1}},"140":{"start":{"line":141,"column":0},"end":{"line":141,"column":58}}},"s":{"7":1,"9":1,"16":1,"22":1,"32":1,"33":6,"34":6,"44":1,"45":14,"46":14,"47":14,"48":14,"49":14,"50":14,"62":1,"63":9,"64":9,"65":9,"66":9,"67":0,"68":9,"69":9,"70":9,"71":9,"72":9,"73":9,"86":1,"87":5,"88":5,"89":5,"90":5,"91":5,"92":5,"93":0,"94":0,"95":0,"96":0,"97":0,"98":0,"99":5,"100":5,"101":5,"102":5,"103":5,"104":5,"105":5,"112":1,"113":4,"114":4,"121":1,"122":1,"123":1,"130":1,"131":3,"132":3,"133":1,"140":1},"branchMap":{"0":{"type":"branch","line":17,"loc":{"start":{"line":17,"column":0},"end":{"line":23,"column":65}},"locations":[{"start":{"line":17,"column":0},"end":{"line":23,"column":65}}]},"1":{"type":"branch","line":33,"loc":{"start":{"line":33,"column":2},"end":{"line":35,"column":3}},"locations":[{"start":{"line":33,"column":2},"end":{"line":35,"column":3}}]},"2":{"type":"branch","line":45,"loc":{"start":{"line":45,"column":2},"end":{"line":51,"column":3}},"locations":[{"start":{"line":45,"column":2},"end":{"line":51,"column":3}}]},"3":{"type":"branch","line":46,"loc":{"start":{"line":46,"column":23},"end":{"line":50,"column":5}},"locations":[{"start":{"line":46,"column":23},"end":{"line":50,"column":5}}]},"4":{"type":"branch","line":47,"loc":{"start":{"line":47,"column":46},"end":{"line":49,"column":7}},"locations":[{"start":{"line":47,"column":46},"end":{"line":49,"column":7}}]},"5":{"type":"branch","line":48,"loc":{"start":{"line":48,"column":32},"end":{"line":48,"column":39}},"locations":[{"start":{"line":48,"column":32},"end":{"line":48,"column":39}}]},"6":{"type":"branch","line":63,"loc":{"start":{"line":63,"column":2},"end":{"line":74,"column":3}},"locations":[{"start":{"line":63,"column":2},"end":{"line":74,"column":3}}]},"7":{"type":"branch","line":64,"loc":{"start":{"line":64,"column":23},"end":{"line":73,"column":5}},"locations":[{"start":{"line":64,"column":23},"end":{"line":73,"column":5}}]},"8":{"type":"branch","line":65,"loc":{"start":{"line":65,"column":49},"end":{"line":72,"column":7}},"locations":[{"start":{"line":65,"column":49},"end":{"line":72,"column":7}}]},"9":{"type":"branch","line":67,"loc":{"start":{"line":67,"column":17},"end":{"line":69,"column":15}},"locations":[{"start":{"line":67,"column":17},"end":{"line":69,"column":15}}]},"10":{"type":"branch","line":87,"loc":{"start":{"line":87,"column":2},"end":{"line":106,"column":3}},"locations":[{"start":{"line":87,"column":2},"end":{"line":106,"column":3}}]},"11":{"type":"branch","line":89,"loc":{"start":{"line":89,"column":23},"end":{"line":105,"column":5}},"locations":[{"start":{"line":89,"column":23},"end":{"line":105,"column":5}}]},"12":{"type":"branch","line":90,"loc":{"start":{"line":90,"column":39},"end":{"line":104,"column":7}},"locations":[{"start":{"line":90,"column":39},"end":{"line":104,"column":7}}]},"13":{"type":"branch","line":93,"loc":{"start":{"line":93,"column":17},"end":{"line":100,"column":15}},"locations":[{"start":{"line":93,"column":17},"end":{"line":100,"column":15}}]},"14":{"type":"branch","line":113,"loc":{"start":{"line":113,"column":2},"end":{"line":115,"column":3}},"locations":[{"start":{"line":113,"column":2},"end":{"line":115,"column":3}}]},"15":{"type":"branch","line":122,"loc":{"start":{"line":122,"column":2},"end":{"line":124,"column":3}},"locations":[{"start":{"line":122,"column":2},"end":{"line":124,"column":3}}]},"16":{"type":"branch","line":131,"loc":{"start":{"line":131,"column":2},"end":{"line":133,"column":3}},"locations":[{"start":{"line":131,"column":2},"end":{"line":133,"column":3}}]}},"b":{"0":[1],"1":[6],"2":[14],"3":[14],"4":[14],"5":[0],"6":[9],"7":[9],"8":[9],"9":[0],"10":[5],"11":[5],"12":[5],"13":[0],"14":[4],"15":[1],"16":[3]},"fnMap":{"0":{"name":"CommentStorageManager","decl":{"start":{"line":17,"column":0},"end":{"line":23,"column":65}},"loc":{"start":{"line":17,"column":0},"end":{"line":23,"column":65}},"line":17},"1":{"name":"getKey","decl":{"start":{"line":33,"column":2},"end":{"line":35,"column":3}},"loc":{"start":{"line":33,"column":2},"end":{"line":35,"column":3}},"line":33},"2":{"name":"load","decl":{"start":{"line":45,"column":2},"end":{"line":51,"column":3}},"loc":{"start":{"line":45,"column":2},"end":{"line":51,"column":3}},"line":45},"3":{"name":"save","decl":{"start":{"line":63,"column":2},"end":{"line":74,"column":3}},"loc":{"start":{"line":63,"column":2},"end":{"line":74,"column":3}},"line":63},"4":{"name":"remove","decl":{"start":{"line":87,"column":2},"end":{"line":106,"column":3}},"loc":{"start":{"line":87,"column":2},"end":{"line":106,"column":3}},"line":87},"5":{"name":"hasPendingRemoval","decl":{"start":{"line":113,"column":2},"end":{"line":115,"column":3}},"loc":{"start":{"line":113,"column":2},"end":{"line":115,"column":3}},"line":113},"6":{"name":"clearPendingRemoval","decl":{"start":{"line":122,"column":2},"end":{"line":124,"column":3}},"loc":{"start":{"line":122,"column":2},"end":{"line":124,"column":3}},"line":122},"7":{"name":"getPendingRemovalReason","decl":{"start":{"line":131,"column":2},"end":{"line":133,"column":3}},"loc":{"start":{"line":131,"column":2},"end":{"line":133,"column":3}},"line":131}},"f":{"0":1,"1":6,"2":14,"3":9,"4":5,"5":4,"6":1,"7":3}}
,"/Users/charllys/Downloads/Projetos/inVa/src/shared/constants.ts": {"path":"/Users/charllys/Downloads/Projetos/inVa/src/shared/constants.ts","all":false,"statementMap":{"14":{"start":{"line":15,"column":0},"end":{"line":15,"column":29}},"15":{"start":{"line":16,"column":0},"end":{"line":16,"column":39}},"16":{"start":{"line":17,"column":0},"end":{"line":17,"column":38}},"17":{"start":{"line":18,"column":0},"end":{"line":18,"column":20}},"18":{"start":{"line":19,"column":0},"end":{"line":19,"column":34}},"19":{"start":{"line":20,"column":0},"end":{"line":20,"column":11}},"31":{"start":{"line":32,"column":0},"end":{"line":32,"column":26}},"32":{"start":{"line":33,"column":0},"end":{"line":33,"column":46}},"33":{"start":{"line":34,"column":0},"end":{"line":34,"column":88}},"34":{"start":{"line":35,"column":0},"end":{"line":35,"column":38}},"35":{"start":{"line":36,"column":0},"end":{"line":36,"column":33}},"36":{"start":{"line":37,"column":0},"end":{"line":37,"column":23}},"37":{"start":{"line":38,"column":0},"end":{"line":38,"column":11}},"46":{"start":{"line":47,"column":0},"end":{"line":47,"column":28}},"47":{"start":{"line":48,"column":0},"end":{"line":48,"column":32}},"48":{"start":{"line":49,"column":0},"end":{"line":49,"column":41}},"49":{"start":{"line":50,"column":0},"end":{"line":50,"column":11}},"59":{"start":{"line":60,"column":0},"end":{"line":60,"column":28}},"60":{"start":{"line":61,"column":0},"end":{"line":61,"column":36}},"61":{"start":{"line":62,"column":0},"end":{"line":62,"column":40}},"62":{"start":{"line":63,"column":0},"end":{"line":63,"column":43}},"63":{"start":{"line":64,"column":0},"end":{"line":64,"column":11}},"77":{"start":{"line":78,"column":0},"end":{"line":78,"column":23}},"78":{"start":{"line":79,"column":0},"end":{"line":79,"column":16}},"79":{"start":{"line":80,"column":0},"end":{"line":80,"column":29}},"80":{"start":{"line":81,"column":0},"end":{"line":81,"column":29}},"81":{"start":{"line":82,"column":0},"end":{"line":82,"column":32}},"82":{"start":{"line":83,"column":0},"end":{"line":83,"column":33}},"83":{"start":{"line":84,"column":0},"end":{"line":84,"column":25}},"84":{"start":{"line":85,"column":0},"end":{"line":85,"column":34}},"85":{"start":{"line":86,"column":0},"end":{"line":86,"column":11}},"92":{"start":{"line":93,"column":0},"end":{"line":93,"column":59}}},"s":{"14":1,"15":1,"16":1,"17":1,"18":1,"19":1,"31":1,"32":1,"33":1,"34":1,"35":1,"36":1,"37":1,"46":1,"47":1,"48":1,"49":1,"59":1,"60":1,"61":1,"62":1,"63":1,"77":1,"78":1,"79":1,"80":1,"81":1,"82":1,"83":1,"84":1,"85":1,"92":1},"branchMap":{},"b":{},"fnMap":{},"f":{}}
,"/Users/charllys/Downloads/Projetos/inVa/src/shared/dom-utils.ts": {"path":"/Users/charllys/Downloads/Projetos/inVa/src/shared/dom-utils.ts","all":false,"statementMap":{"19":{"start":{"line":20,"column":0},"end":{"line":20,"column":50}},"20":{"start":{"line":21,"column":0},"end":{"line":21,"column":19}},"21":{"start":{"line":22,"column":0},"end":{"line":22,"column":25}},"22":{"start":{"line":23,"column":0},"end":{"line":23,"column":22}},"23":{"start":{"line":24,"column":0},"end":{"line":24,"column":35}},"24":{"start":{"line":25,"column":0},"end":{"line":25,"column":57}},"25":{"start":{"line":26,"column":0},"end":{"line":26,"column":19}},"26":{"start":{"line":27,"column":0},"end":{"line":27,"column":24}},"27":{"start":{"line":28,"column":0},"end":{"line":28,"column":13}},"28":{"start":{"line":29,"column":0},"end":{"line":29,"column":5}},"30":{"start":{"line":31,"column":0},"end":{"line":31,"column":49}},"31":{"start":{"line":32,"column":0},"end":{"line":32,"column":58}},"32":{"start":{"line":33,"column":0},"end":{"line":33,"column":20}},"33":{"start":{"line":34,"column":0},"end":{"line":34,"column":30}},"34":{"start":{"line":35,"column":0},"end":{"line":35,"column":25}},"35":{"start":{"line":36,"column":0},"end":{"line":36,"column":7}},"36":{"start":{"line":37,"column":0},"end":{"line":37,"column":7}},"38":{"start":{"line":39,"column":0},"end":{"line":39,"column":72}},"40":{"start":{"line":41,"column":0},"end":{"line":41,"column":22}},"41":{"start":{"line":42,"column":0},"end":{"line":42,"column":28}},"42":{"start":{"line":43,"column":0},"end":{"line":43,"column":20}},"43":{"start":{"line":44,"column":0},"end":{"line":44,"column":16}},"44":{"start":{"line":45,"column":0},"end":{"line":45,"column":5}},"45":{"start":{"line":46,"column":0},"end":{"line":46,"column":1}},"56":{"start":{"line":57,"column":0},"end":{"line":57,"column":50}},"57":{"start":{"line":58,"column":0},"end":{"line":58,"column":42}},"58":{"start":{"line":59,"column":0},"end":{"line":59,"column":29}},"59":{"start":{"line":60,"column":0},"end":{"line":60,"column":3}},"60":{"start":{"line":61,"column":0},"end":{"line":61,"column":35}},"61":{"start":{"line":62,"column":0},"end":{"line":62,"column":83}},"62":{"start":{"line":63,"column":0},"end":{"line":63,"column":5}},"63":{"start":{"line":64,"column":0},"end":{"line":64,"column":1}},"79":{"start":{"line":80,"column":0},"end":{"line":80,"column":65}},"80":{"start":{"line":81,"column":0},"end":{"line":81,"column":8}},"81":{"start":{"line":82,"column":0},"end":{"line":82,"column":14}},"82":{"start":{"line":83,"column":0},"end":{"line":83,"column":37}},"83":{"start":{"line":84,"column":0},"end":{"line":84,"column":34}},"84":{"start":{"line":85,"column":0},"end":{"line":85,"column":38}},"85":{"start":{"line":86,"column":0},"end":{"line":86,"column":46}},"86":{"start":{"line":87,"column":0},"end":{"line":87,"column":57}},"87":{"start":{"line":88,"column":0},"end":{"line":88,"column":4}},"88":{"start":{"line":89,"column":0},"end":{"line":89,"column":1}}},"s":{"19":1,"20":6,"21":6,"22":6,"23":6,"24":6,"25":6,"26":4,"27":4,"28":4,"30":2,"31":1,"32":1,"33":1,"34":1,"35":1,"36":2,"38":2,"40":2,"41":1,"42":1,"43":2,"44":6,"45":6,"56":1,"57":1,"58":1,"59":1,"60":0,"61":0,"62":0,"63":0,"79":1,"80":6,"81":6,"82":6,"83":6,"84":6,"85":9,"86":9,"87":9,"88":6},"branchMap":{"0":{"type":"branch","line":20,"loc":{"start":{"line":20,"column":7},"end":{"line":46,"column":1}},"locations":[{"start":{"line":20,"column":7},"end":{"line":46,"column":1}}]},"1":{"type":"branch","line":24,"loc":{"start":{"line":24,"column":21},"end":{"line":45,"column":3}},"locations":[{"start":{"line":24,"column":21},"end":{"line":45,"column":3}}]},"2":{"type":"branch","line":26,"loc":{"start":{"line":26,"column":18},"end":{"line":29,"column":5}},"locations":[{"start":{"line":26,"column":18},"end":{"line":29,"column":5}}]},"3":{"type":"branch","line":29,"loc":{"start":{"line":29,"column":4},"end":{"line":44,"column":16}},"locations":[{"start":{"line":29,"column":4},"end":{"line":44,"column":16}}]},"4":{"type":"branch","line":31,"loc":{"start":{"line":31,"column":42},"end":{"line":37,"column":5}},"locations":[{"start":{"line":31,"column":42},"end":{"line":37,"column":5}}]},"5":{"type":"branch","line":41,"loc":{"start":{"line":41,"column":15},"end":{"line":44,"column":7}},"locations":[{"start":{"line":41,"column":15},"end":{"line":44,"column":7}}]},"6":{"type":"branch","line":57,"loc":{"start":{"line":57,"column":7},"end":{"line":64,"column":1}},"locations":[{"start":{"line":57,"column":7},"end":{"line":64,"column":1}}]},"7":{"type":"branch","line":60,"loc":{"start":{"line":60,"column":2},"end":{"line":64,"column":1}},"locations":[{"start":{"line":60,"column":2},"end":{"line":64,"column":1}}]},"8":{"type":"branch","line":80,"loc":{"start":{"line":80,"column":7},"end":{"line":89,"column":1}},"locations":[{"start":{"line":80,"column":7},"end":{"line":89,"column":1}}]},"9":{"type":"branch","line":85,"loc":{"start":{"line":85,"column":9},"end":{"line":88,"column":4}},"locations":[{"start":{"line":85,"column":9},"end":{"line":88,"column":4}}]},"10":{"type":"branch","line":86,"loc":{"start":{"line":86,"column":17},"end":{"line":86,"column":46}},"locations":[{"start":{"line":86,"column":17},"end":{"line":86,"column":46}}]},"11":{"type":"branch","line":87,"loc":{"start":{"line":87,"column":32},"end":{"line":87,"column":51}},"locations":[{"start":{"line":87,"column":32},"end":{"line":87,"column":51}}]}},"b":{"0":[6],"1":[6],"2":[4],"3":[2],"4":[1],"5":[1],"6":[1],"7":[0],"8":[6],"9":[9],"10":[3],"11":[7]},"fnMap":{"0":{"name":"waitForElement","decl":{"start":{"line":20,"column":7},"end":{"line":46,"column":1}},"loc":{"start":{"line":20,"column":7},"end":{"line":46,"column":1}},"line":20},"1":{"name":"waitForDOMReady","decl":{"start":{"line":57,"column":7},"end":{"line":64,"column":1}},"loc":{"start":{"line":57,"column":7},"end":{"line":64,"column":1}},"line":57},"2":{"name":"debounce","decl":{"start":{"line":80,"column":7},"end":{"line":89,"column":1}},"loc":{"start":{"line":80,"column":7},"end":{"line":89,"column":1}},"line":80}},"f":{"0":6,"1":1,"2":6}}
,"/Users/charllys/Downloads/Projetos/inVa/src/shared/elemento.ts": {"path":"/Users/charllys/Downloads/Projetos/inVa/src/shared/elemento.ts","all":false,"statementMap":{"5":{"start":{"line":6,"column":0},"end":{"line":6,"column":55}},"35":{"start":{"line":36,"column":0},"end":{"line":36,"column":53}},"36":{"start":{"line":37,"column":0},"end":{"line":37,"column":45}},"37":{"start":{"line":38,"column":0},"end":{"line":38,"column":9}},"38":{"start":{"line":39,"column":0},"end":{"line":39,"column":2}},"49":{"start":{"line":50,"column":0},"end":{"line":50,"column":49}},"50":{"start":{"line":51,"column":0},"end":{"line":51,"column":63}},"52":{"start":{"line":53,"column":0},"end":{"line":53,"column":48}},"53":{"start":{"line":54,"column":0},"end":{"line":54,"column":37}},"54":{"start":{"line":55,"column":0},"end":{"line":55,"column":23}},"81":{"start":{"line":82,"column":0},"end":{"line":82,"column":35}},"82":{"start":{"line":83,"column":0},"end":{"line":83,"column":1}},"97":{"start":{"line":98,"column":0},"end":{"line":98,"column":88}},"98":{"start":{"line":99,"column":0},"end":{"line":99,"column":55}},"101":{"start":{"line":102,"column":0},"end":{"line":102,"column":28}},"103":{"start":{"line":104,"column":0},"end":{"line":104,"column":46}},"104":{"start":{"line":105,"column":0},"end":{"line":105,"column":44}},"105":{"start":{"line":106,"column":0},"end":{"line":106,"column":71}},"108":{"start":{"line":109,"column":0},"end":{"line":109,"column":47}},"109":{"start":{"line":110,"column":0},"end":{"line":110,"column":74}},"110":{"start":{"line":111,"column":0},"end":{"line":111,"column":41}},"111":{"start":{"line":112,"column":0},"end":{"line":112,"column":41}},"113":{"start":{"line":114,"column":0},"end":{"line":114,"column":51}},"114":{"start":{"line":115,"column":0},"end":{"line":115,"column":49}},"115":{"start":{"line":116,"column":0},"end":{"line":116,"column":32}},"118":{"start":{"line":119,"column":0},"end":{"line":119,"column":54}},"119":{"start":{"line":120,"column":0},"end":{"line":120,"column":68}},"120":{"start":{"line":121,"column":0},"end":{"line":121,"column":46}},"121":{"start":{"line":122,"column":0},"end":{"line":122,"column":58}},"122":{"start":{"line":123,"column":0},"end":{"line":123,"column":70}},"123":{"start":{"line":124,"column":0},"end":{"line":124,"column":64}},"125":{"start":{"line":126,"column":0},"end":{"line":126,"column":27}},"126":{"start":{"line":127,"column":0},"end":{"line":127,"column":29}},"128":{"start":{"line":129,"column":0},"end":{"line":129,"column":10}},"129":{"start":{"line":130,"column":0},"end":{"line":130,"column":9}},"130":{"start":{"line":131,"column":0},"end":{"line":131,"column":12}},"131":{"start":{"line":132,"column":0},"end":{"line":132,"column":4}},"132":{"start":{"line":133,"column":0},"end":{"line":133,"column":1}}},"s":{"5":1,"35":1,"36":1,"37":1,"38":1,"49":1,"50":22,"52":19,"53":19,"54":19,"81":19,"82":19,"97":1,"98":17,"101":17,"103":17,"104":17,"105":17,"108":17,"109":17,"110":17,"111":17,"113":17,"114":17,"115":17,"118":17,"119":17,"120":17,"121":17,"122":17,"123":17,"125":17,"126":17,"128":17,"129":17,"130":17,"131":17,"132":17},"branchMap":{"0":{"type":"branch","line":50,"loc":{"start":{"line":50,"column":7},"end":{"line":83,"column":1}},"locations":[{"start":{"line":50,"column":7},"end":{"line":83,"column":1}}]},"1":{"type":"branch","line":51,"loc":{"start":{"line":51,"column":56},"end":{"line":51,"column":63}},"locations":[{"start":{"line":51,"column":56},"end":{"line":51,"column":63}}]},"2":{"type":"branch","line":51,"loc":{"start":{"line":51,"column":56},"end":{"line":83,"column":1}},"locations":[{"start":{"line":51,"column":56},"end":{"line":83,"column":1}}]},"3":{"type":"branch","line":98,"loc":{"start":{"line":98,"column":7},"end":{"line":133,"column":1}},"locations":[{"start":{"line":98,"column":7},"end":{"line":133,"column":1}}]}},"b":{"0":[22],"1":[3],"2":[19],"3":[17]},"fnMap":{"0":{"name":"injectCommentFormStyles","decl":{"start":{"line":50,"column":7},"end":{"line":83,"column":1}},"loc":{"start":{"line":50,"column":7},"end":{"line":83,"column":1}},"line":50},"1":{"name":"createCommentForm","decl":{"start":{"line":98,"column":7},"end":{"line":133,"column":1}},"loc":{"start":{"line":98,"column":7},"end":{"line":133,"column":1}},"line":98}},"f":{"0":22,"1":17}}
,"/Users/charllys/Downloads/Projetos/inVa/src/shared/logger.ts": {"path":"/Users/charllys/Downloads/Projetos/inVa/src/shared/logger.ts","all":false,"statementMap":{"7":{"start":{"line":8,"column":0},"end":{"line":8,"column":51}},"18":{"start":{"line":19,"column":0},"end":{"line":19,"column":60}},"19":{"start":{"line":20,"column":0},"end":{"line":20,"column":28}},"20":{"start":{"line":21,"column":0},"end":{"line":21,"column":81}},"21":{"start":{"line":22,"column":0},"end":{"line":22,"column":58}},"22":{"start":{"line":23,"column":0},"end":{"line":23,"column":7}},"23":{"start":{"line":24,"column":0},"end":{"line":24,"column":5}},"33":{"start":{"line":34,"column":0},"end":{"line":34,"column":73}},"34":{"start":{"line":35,"column":0},"end":{"line":35,"column":36}},"35":{"start":{"line":36,"column":0},"end":{"line":36,"column":78}},"36":{"start":{"line":37,"column":0},"end":{"line":37,"column":43}},"37":{"start":{"line":38,"column":0},"end":{"line":38,"column":27}},"38":{"start":{"line":39,"column":0},"end":{"line":39,"column":21}},"39":{"start":{"line":40,"column":0},"end":{"line":40,"column":7}},"40":{"start":{"line":41,"column":0},"end":{"line":41,"column":5}},"48":{"start":{"line":49,"column":0},"end":{"line":49,"column":55}},"49":{"start":{"line":50,"column":0},"end":{"line":50,"column":28}},"50":{"start":{"line":51,"column":0},"end":{"line":51,"column":84}},"51":{"start":{"line":52,"column":0},"end":{"line":52,"column":107}},"52":{"start":{"line":53,"column":0},"end":{"line":53,"column":20}},"53":{"start":{"line":54,"column":0},"end":{"line":54,"column":7}},"54":{"start":{"line":55,"column":0},"end":{"line":55,"column":5}},"63":{"start":{"line":64,"column":0},"end":{"line":64,"column":51}},"64":{"start":{"line":65,"column":0},"end":{"line":65,"column":36}},"65":{"start":{"line":66,"column":0},"end":{"line":66,"column":65}},"66":{"start":{"line":67,"column":0},"end":{"line":67,"column":43}},"67":{"start":{"line":68,"column":0},"end":{"line":68,"column":27}},"68":{"start":{"line":69,"column":0},"end":{"line":69,"column":21}},"69":{"start":{"line":70,"column":0},"end":{"line":70,"column":7}},"70":{"start":{"line":71,"column":0},"end":{"line":71,"column":5}},"79":{"start":{"line":80,"column":0},"end":{"line":80,"column":71}},"80":{"start":{"line":81,"column":0},"end":{"line":81,"column":46}},"81":{"start":{"line":82,"column":0},"end":{"line":82,"column":73}},"82":{"start":{"line":83,"column":0},"end":{"line":83,"column":143}},"83":{"start":{"line":84,"column":0},"end":{"line":84,"column":18}},"84":{"start":{"line":85,"column":0},"end":{"line":85,"column":41}},"85":{"start":{"line":86,"column":0},"end":{"line":86,"column":22}},"86":{"start":{"line":87,"column":0},"end":{"line":87,"column":47}},"87":{"start":{"line":88,"column":0},"end":{"line":88,"column":21}},"88":{"start":{"line":89,"column":0},"end":{"line":89,"column":4}},"89":{"start":{"line":90,"column":0},"end":{"line":90,"column":61}},"90":{"start":{"line":91,"column":0},"end":{"line":91,"column":54}},"91":{"start":{"line":92,"column":0},"end":{"line":92,"column":40}},"92":{"start":{"line":93,"column":0},"end":{"line":93,"column":2}},"103":{"start":{"line":104,"column":0},"end":{"line":104,"column":59}},"104":{"start":{"line":105,"column":0},"end":{"line":105,"column":7}},"105":{"start":{"line":106,"column":0},"end":{"line":106,"column":36}},"106":{"start":{"line":107,"column":0},"end":{"line":107,"column":24}},"107":{"start":{"line":108,"column":0},"end":{"line":108,"column":51}},"108":{"start":{"line":109,"column":0},"end":{"line":109,"column":50}},"109":{"start":{"line":110,"column":0},"end":{"line":110,"column":71}},"110":{"start":{"line":111,"column":0},"end":{"line":111,"column":45}},"111":{"start":{"line":112,"column":0},"end":{"line":112,"column":29}},"112":{"start":{"line":113,"column":0},"end":{"line":113,"column":23}},"113":{"start":{"line":114,"column":0},"end":{"line":114,"column":9}},"114":{"start":{"line":115,"column":0},"end":{"line":115,"column":7}},"115":{"start":{"line":116,"column":0},"end":{"line":116,"column":11}},"117":{"start":{"line":118,"column":0},"end":{"line":118,"column":3}},"118":{"start":{"line":119,"column":0},"end":{"line":119,"column":2}},"129":{"start":{"line":130,"column":0},"end":{"line":130,"column":23}},"139":{"start":{"line":140,"column":0},"end":{"line":140,"column":88}},"140":{"start":{"line":141,"column":0},"end":{"line":141,"column":80}},"142":{"start":{"line":143,"column":0},"end":{"line":143,"column":44}},"143":{"start":{"line":144,"column":0},"end":{"line":144,"column":75}},"144":{"start":{"line":145,"column":0},"end":{"line":145,"column":24}},"145":{"start":{"line":146,"column":0},"end":{"line":146,"column":43}},"146":{"start":{"line":147,"column":0},"end":{"line":147,"column":135}},"147":{"start":{"line":148,"column":0},"end":{"line":148,"column":18}},"148":{"start":{"line":149,"column":0},"end":{"line":149,"column":5}},"150":{"start":{"line":151,"column":0},"end":{"line":151,"column":39}},"151":{"start":{"line":152,"column":0},"end":{"line":152,"column":27}},"152":{"start":{"line":153,"column":0},"end":{"line":153,"column":5}},"153":{"start":{"line":154,"column":0},"end":{"line":154,"column":4}},"161":{"start":{"line":162,"column":0},"end":{"line":162,"column":67}},"162":{"start":{"line":163,"column":0},"end":{"line":163,"column":55}},"163":{"start":{"line":164,"column":0},"end":{"line":164,"column":4}},"171":{"start":{"line":172,"column":0},"end":{"line":172,"column":66}},"172":{"start":{"line":173,"column":0},"end":{"line":173,"column":54}},"173":{"start":{"line":174,"column":0},"end":{"line":174,"column":4}},"181":{"start":{"line":182,"column":0},"end":{"line":182,"column":66}},"182":{"start":{"line":183,"column":0},"end":{"line":183,"column":54}},"183":{"start":{"line":184,"column":0},"end":{"line":184,"column":4}},"191":{"start":{"line":192,"column":0},"end":{"line":192,"column":67}},"192":{"start":{"line":193,"column":0},"end":{"line":193,"column":55}},"193":{"start":{"line":194,"column":0},"end":{"line":194,"column":3}},"194":{"start":{"line":195,"column":0},"end":{"line":195,"column":2}},"205":{"start":{"line":206,"column":0},"end":{"line":206,"column":81}}},"s":{"7":1,"18":1,"19":135,"20":135,"21":135,"22":135,"23":135,"33":1,"34":0,"35":0,"36":0,"37":0,"38":0,"39":0,"40":0,"48":1,"49":2,"50":2,"51":2,"52":2,"53":2,"54":2,"63":1,"64":0,"65":0,"66":0,"67":0,"68":0,"69":0,"70":0,"79":1,"80":2,"81":2,"82":2,"83":2,"84":2,"85":2,"86":2,"87":2,"88":2,"89":2,"90":2,"91":2,"92":2,"103":1,"104":2,"105":2,"106":2,"107":2,"108":2,"109":2,"110":2,"111":2,"112":1,"113":2,"114":2,"115":1,"117":1,"118":2,"129":1,"139":1,"140":135,"142":135,"143":135,"144":135,"145":2,"146":2,"147":2,"148":2,"150":135,"151":2,"152":2,"153":135,"161":1,"162":106,"163":106,"171":1,"172":27,"173":27,"181":1,"182":0,"183":0,"191":1,"192":2,"193":2,"194":1,"205":1},"branchMap":{"0":{"type":"branch","line":19,"loc":{"start":{"line":19,"column":31},"end":{"line":24,"column":5}},"locations":[{"start":{"line":19,"column":31},"end":{"line":24,"column":5}}]},"1":{"type":"branch","line":20,"loc":{"start":{"line":20,"column":14},"end":{"line":24,"column":5}},"locations":[{"start":{"line":20,"column":14},"end":{"line":24,"column":5}}]},"2":{"type":"branch","line":21,"loc":{"start":{"line":21,"column":69},"end":{"line":23,"column":5}},"locations":[{"start":{"line":21,"column":69},"end":{"line":23,"column":5}}]},"3":{"type":"branch","line":49,"loc":{"start":{"line":49,"column":23},"end":{"line":55,"column":5}},"locations":[{"start":{"line":49,"column":23},"end":{"line":55,"column":5}}]},"4":{"type":"branch","line":50,"loc":{"start":{"line":50,"column":14},"end":{"line":55,"column":5}},"locations":[{"start":{"line":50,"column":14},"end":{"line":55,"column":5}}]},"5":{"type":"branch","line":51,"loc":{"start":{"line":51,"column":72},"end":{"line":54,"column":5}},"locations":[{"start":{"line":51,"column":72},"end":{"line":54,"column":5}}]},"6":{"type":"branch","line":52,"loc":{"start":{"line":52,"column":85},"end":{"line":52,"column":107}},"locations":[{"start":{"line":52,"column":85},"end":{"line":52,"column":107}}]},"7":{"type":"branch","line":80,"loc":{"start":{"line":80,"column":25},"end":{"line":93,"column":2}},"locations":[{"start":{"line":80,"column":25},"end":{"line":93,"column":2}}]},"8":{"type":"branch","line":83,"loc":{"start":{"line":83,"column":47},"end":{"line":83,"column":143}},"locations":[{"start":{"line":83,"column":47},"end":{"line":83,"column":143}}]},"9":{"type":"branch","line":104,"loc":{"start":{"line":104,"column":16},"end":{"line":119,"column":2}},"locations":[{"start":{"line":104,"column":16},"end":{"line":119,"column":2}}]},"10":{"type":"branch","line":115,"loc":{"start":{"line":115,"column":5},"end":{"line":118,"column":3}},"locations":[{"start":{"line":115,"column":5},"end":{"line":118,"column":3}}]},"11":{"type":"branch","line":109,"loc":{"start":{"line":109,"column":28},"end":{"line":115,"column":5}},"locations":[{"start":{"line":109,"column":28},"end":{"line":115,"column":5}}]},"12":{"type":"branch","line":110,"loc":{"start":{"line":110,"column":64},"end":{"line":114,"column":7}},"locations":[{"start":{"line":110,"column":64},"end":{"line":114,"column":7}}]},"13":{"type":"branch","line":112,"loc":{"start":{"line":112,"column":17},"end":{"line":113,"column":23}},"locations":[{"start":{"line":112,"column":17},"end":{"line":113,"column":23}}]},"14":{"type":"branch","line":140,"loc":{"start":{"line":140,"column":2},"end":{"line":154,"column":4}},"locations":[{"start":{"line":140,"column":2},"end":{"line":154,"column":4}}]},"15":{"type":"branch","line":144,"loc":{"start":{"line":144,"column":36},"end":{"line":144,"column":67}},"locations":[{"start":{"line":144,"column":36},"end":{"line":144,"column":67}}]},"16":{"type":"branch","line":144,"loc":{"start":{"line":144,"column":57},"end":{"line":144,"column":75}},"locations":[{"start":{"line":144,"column":57},"end":{"line":144,"column":75}}]},"17":{"type":"branch","line":145,"loc":{"start":{"line":145,"column":23},"end":{"line":149,"column":5}},"locations":[{"start":{"line":145,"column":23},"end":{"line":149,"column":5}}]},"18":{"type":"branch","line":147,"loc":{"start":{"line":147,"column":45},"end":{"line":147,"column":135}},"locations":[{"start":{"line":147,"column":45},"end":{"line":147,"column":135}}]},"19":{"type":"branch","line":151,"loc":{"start":{"line":151,"column":38},"end":{"line":153,"column":5}},"locations":[{"start":{"line":151,"column":38},"end":{"line":153,"column":5}}]},"20":{"type":"branch","line":162,"loc":{"start":{"line":162,"column":2},"end":{"line":164,"column":4}},"locations":[{"start":{"line":162,"column":2},"end":{"line":164,"column":4}}]},"21":{"type":"branch","line":172,"loc":{"start":{"line":172,"column":2},"end":{"line":174,"column":4}},"locations":[{"start":{"line":172,"column":2},"end":{"line":174,"column":4}}]},"22":{"type":"branch","line":192,"loc":{"start":{"line":192,"column":2},"end":{"line":194,"column":3}},"locations":[{"start":{"line":192,"column":2},"end":{"line":194,"column":3}}]}},"b":{"0":[135],"1":[135],"2":[135],"3":[2],"4":[2],"5":[2],"6":[0],"7":[2],"8":[0],"9":[2],"10":[1],"11":[2],"12":[2],"13":[1],"14":[135],"15":[133],"16":[133],"17":[2],"18":[0],"19":[2],"20":[106],"21":[27],"22":[2]},"fnMap":{"0":{"name":"getDebugEnabled","decl":{"start":{"line":19,"column":31},"end":{"line":24,"column":5}},"loc":{"start":{"line":19,"column":31},"end":{"line":24,"column":5}},"line":19},"1":{"name":"setDebugEnabled","decl":{"start":{"line":34,"column":31},"end":{"line":41,"column":5}},"loc":{"start":{"line":34,"column":31},"end":{"line":41,"column":5}},"line":34},"2":{"name":"getLogs","decl":{"start":{"line":49,"column":23},"end":{"line":55,"column":5}},"loc":{"start":{"line":49,"column":23},"end":{"line":55,"column":5}},"line":49},"3":{"name":"clearLogs","decl":{"start":{"line":64,"column":25},"end":{"line":71,"column":5}},"loc":{"start":{"line":64,"column":25},"end":{"line":71,"column":5}},"line":64},"4":{"name":"formatForConsole","decl":{"start":{"line":80,"column":25},"end":{"line":93,"column":2}},"loc":{"start":{"line":80,"column":25},"end":{"line":93,"column":2}},"line":80},"5":{"name":"pushLog","decl":{"start":{"line":104,"column":16},"end":{"line":119,"column":2}},"loc":{"start":{"line":104,"column":16},"end":{"line":119,"column":2}},"line":104},"6":{"name":"log","decl":{"start":{"line":140,"column":2},"end":{"line":154,"column":4}},"loc":{"start":{"line":140,"column":2},"end":{"line":154,"column":4}},"line":140},"7":{"name":"debug","decl":{"start":{"line":162,"column":2},"end":{"line":164,"column":4}},"loc":{"start":{"line":162,"column":2},"end":{"line":164,"column":4}},"line":162},"8":{"name":"info","decl":{"start":{"line":172,"column":2},"end":{"line":174,"column":4}},"loc":{"start":{"line":172,"column":2},"end":{"line":174,"column":4}},"line":172},"9":{"name":"warn","decl":{"start":{"line":182,"column":2},"end":{"line":184,"column":4}},"loc":{"start":{"line":182,"column":2},"end":{"line":184,"column":4}},"line":182},"10":{"name":"error","decl":{"start":{"line":192,"column":2},"end":{"line":194,"column":3}},"loc":{"start":{"line":192,"column":2},"end":{"line":194,"column":3}},"line":192}},"f":{"0":135,"1":0,"2":2,"3":0,"4":2,"5":2,"6":135,"7":106,"8":27,"9":0,"10":2}}
,"/Users/charllys/Downloads/Projetos/inVa/src/shared/text-utils.ts": {"path":"/Users/charllys/Downloads/Projetos/inVa/src/shared/text-utils.ts","all":false,"statementMap":{"16":{"start":{"line":17,"column":0},"end":{"line":17,"column":57}},"17":{"start":{"line":18,"column":0},"end":{"line":18,"column":49}},"18":{"start":{"line":19,"column":0},"end":{"line":19,"column":1}},"31":{"start":{"line":32,"column":0},"end":{"line":32,"column":56}},"32":{"start":{"line":33,"column":0},"end":{"line":33,"column":76}},"33":{"start":{"line":34,"column":0},"end":{"line":34,"column":1}},"46":{"start":{"line":47,"column":0},"end":{"line":47,"column":62}},"47":{"start":{"line":48,"column":0},"end":{"line":48,"column":53}},"48":{"start":{"line":49,"column":0},"end":{"line":49,"column":1}}},"s":{"16":1,"17":178,"18":178,"31":1,"32":53,"33":53,"46":1,"47":14,"48":14},"branchMap":{"0":{"type":"branch","line":17,"loc":{"start":{"line":17,"column":7},"end":{"line":19,"column":1}},"locations":[{"start":{"line":17,"column":7},"end":{"line":19,"column":1}}]},"1":{"type":"branch","line":32,"loc":{"start":{"line":32,"column":7},"end":{"line":34,"column":1}},"locations":[{"start":{"line":32,"column":7},"end":{"line":34,"column":1}}]},"2":{"type":"branch","line":47,"loc":{"start":{"line":47,"column":7},"end":{"line":49,"column":1}},"locations":[{"start":{"line":47,"column":7},"end":{"line":49,"column":1}}]}},"b":{"0":[178],"1":[53],"2":[14]},"fnMap":{"0":{"name":"normalizeContent","decl":{"start":{"line":17,"column":7},"end":{"line":19,"column":1}},"loc":{"start":{"line":17,"column":7},"end":{"line":19,"column":1}},"line":17},"1":{"name":"isContentEmpty","decl":{"start":{"line":32,"column":7},"end":{"line":34,"column":1}},"loc":{"start":{"line":32,"column":7},"end":{"line":34,"column":1}},"line":32},"2":{"name":"contentEquals","decl":{"start":{"line":47,"column":7},"end":{"line":49,"column":1}},"loc":{"start":{"line":47,"column":7},"end":{"line":49,"column":1}},"line":47}},"f":{"0":178,"1":53,"2":14}}
,"/Users/charllys/Downloads/Projetos/inVa/src/shared/types.ts": {"path":"/Users/charllys/Downloads/Projetos/inVa/src/shared/types.ts","all":true,"statementMap":{},"s":{},"branchMap":{"0":{"type":"branch","line":1,"loc":{"start":{"line":1,"column":1110},"end":{"line":39,"column":1}},"locations":[{"start":{"line":1,"column":1110},"end":{"line":39,"column":1}}]}},"b":{"0":[1]},"fnMap":{"0":{"name":"(empty-report)","decl":{"start":{"line":1,"column":1110},"end":{"line":39,"column":1}},"loc":{"start":{"line":1,"column":1110},"end":{"line":39,"column":1}},"line":1}},"f":{"0":1}}
,"/Users/charllys/Downloads/Projetos/inVa/src/shared/utils.ts": {"path":"/Users/charllys/Downloads/Projetos/inVa/src/shared/utils.ts","all":false,"statementMap":{"7":{"start":{"line":8,"column":0},"end":{"line":8,"column":34}},"8":{"start":{"line":9,"column":0},"end":{"line":9,"column":43}},"22":{"start":{"line":23,"column":0},"end":{"line":23,"column":82}},"23":{"start":{"line":24,"column":0},"end":{"line":24,"column":59}},"24":{"start":{"line":25,"column":0},"end":{"line":25,"column":43}},"25":{"start":{"line":26,"column":0},"end":{"line":26,"column":82}},"26":{"start":{"line":27,"column":0},"end":{"line":27,"column":45}},"27":{"start":{"line":28,"column":0},"end":{"line":28,"column":18}},"28":{"start":{"line":29,"column":0},"end":{"line":29,"column":91}},"29":{"start":{"line":30,"column":0},"end":{"line":30,"column":22}},"30":{"start":{"line":31,"column":0},"end":{"line":31,"column":15}},"31":{"start":{"line":32,"column":0},"end":{"line":32,"column":7}},"32":{"start":{"line":33,"column":0},"end":{"line":33,"column":58}},"33":{"start":{"line":34,"column":0},"end":{"line":34,"column":68}},"34":{"start":{"line":35,"column":0},"end":{"line":35,"column":84}},"35":{"start":{"line":36,"column":0},"end":{"line":36,"column":7}},"36":{"start":{"line":37,"column":0},"end":{"line":37,"column":5}},"37":{"start":{"line":38,"column":0},"end":{"line":38,"column":2}},"49":{"start":{"line":50,"column":0},"end":{"line":50,"column":74}},"50":{"start":{"line":51,"column":0},"end":{"line":51,"column":64}},"51":{"start":{"line":52,"column":0},"end":{"line":52,"column":43}},"52":{"start":{"line":53,"column":0},"end":{"line":53,"column":78}},"53":{"start":{"line":54,"column":0},"end":{"line":54,"column":45}},"54":{"start":{"line":55,"column":0},"end":{"line":55,"column":18}},"55":{"start":{"line":56,"column":0},"end":{"line":56,"column":94}},"56":{"start":{"line":57,"column":0},"end":{"line":57,"column":22}},"57":{"start":{"line":58,"column":0},"end":{"line":58,"column":15}},"58":{"start":{"line":59,"column":0},"end":{"line":59,"column":7}},"59":{"start":{"line":60,"column":0},"end":{"line":60,"column":62}},"60":{"start":{"line":61,"column":0},"end":{"line":61,"column":16}},"61":{"start":{"line":62,"column":0},"end":{"line":62,"column":7}},"62":{"start":{"line":63,"column":0},"end":{"line":63,"column":5}},"63":{"start":{"line":64,"column":0},"end":{"line":64,"column":2}}},"s":{"7":1,"8":1,"22":1,"23":22,"24":22,"25":22,"26":22,"27":22,"28":1,"29":1,"30":1,"31":1,"32":21,"33":21,"34":22,"35":22,"36":22,"37":22,"49":1,"50":23,"51":23,"52":23,"53":23,"54":23,"55":1,"56":1,"57":1,"58":1,"59":22,"60":22,"61":23,"62":23,"63":23},"branchMap":{"0":{"type":"branch","line":23,"loc":{"start":{"line":23,"column":40},"end":{"line":38,"column":2}},"locations":[{"start":{"line":23,"column":40},"end":{"line":38,"column":2}}]},"1":{"type":"branch","line":25,"loc":{"start":{"line":25,"column":21},"end":{"line":37,"column":3}},"locations":[{"start":{"line":25,"column":21},"end":{"line":37,"column":3}}]},"2":{"type":"branch","line":26,"loc":{"start":{"line":26,"column":70},"end":{"line":36,"column":5}},"locations":[{"start":{"line":26,"column":70},"end":{"line":36,"column":5}}]},"3":{"type":"branch","line":28,"loc":{"start":{"line":28,"column":17},"end":{"line":32,"column":7}},"locations":[{"start":{"line":28,"column":17},"end":{"line":32,"column":7}}]},"4":{"type":"branch","line":32,"loc":{"start":{"line":32,"column":6},"end":{"line":35,"column":43}},"locations":[{"start":{"line":32,"column":6},"end":{"line":35,"column":43}}]},"5":{"type":"branch","line":35,"loc":{"start":{"line":35,"column":31},"end":{"line":35,"column":58}},"locations":[{"start":{"line":35,"column":31},"end":{"line":35,"column":58}}]},"6":{"type":"branch","line":35,"loc":{"start":{"line":35,"column":54},"end":{"line":35,"column":73}},"locations":[{"start":{"line":35,"column":54},"end":{"line":35,"column":73}}]},"7":{"type":"branch","line":35,"loc":{"start":{"line":35,"column":69},"end":{"line":35,"column":82}},"locations":[{"start":{"line":35,"column":69},"end":{"line":35,"column":82}}]},"8":{"type":"branch","line":50,"loc":{"start":{"line":50,"column":35},"end":{"line":64,"column":2}},"locations":[{"start":{"line":50,"column":35},"end":{"line":64,"column":2}}]},"9":{"type":"branch","line":52,"loc":{"start":{"line":52,"column":21},"end":{"line":63,"column":3}},"locations":[{"start":{"line":52,"column":21},"end":{"line":63,"column":3}}]},"10":{"type":"branch","line":53,"loc":{"start":{"line":53,"column":71},"end":{"line":62,"column":5}},"locations":[{"start":{"line":53,"column":71},"end":{"line":62,"column":5}}]},"11":{"type":"branch","line":55,"loc":{"start":{"line":55,"column":17},"end":{"line":59,"column":7}},"locations":[{"start":{"line":55,"column":17},"end":{"line":59,"column":7}}]},"12":{"type":"branch","line":59,"loc":{"start":{"line":59,"column":6},"end":{"line":61,"column":16}},"locations":[{"start":{"line":59,"column":6},"end":{"line":61,"column":16}}]}},"b":{"0":[22],"1":[22],"2":[22],"3":[1],"4":[21],"5":[20],"6":[15],"7":[6],"8":[23],"9":[23],"10":[23],"11":[1],"12":[22]},"fnMap":{"0":{"name":"getStoredCreateTicketUrl","decl":{"start":{"line":23,"column":40},"end":{"line":38,"column":2}},"loc":{"start":{"line":23,"column":40},"end":{"line":38,"column":2}},"line":23},"1":{"name":"saveCreateTicketUrl","decl":{"start":{"line":50,"column":35},"end":{"line":64,"column":2}},"loc":{"start":{"line":50,"column":35},"end":{"line":64,"column":2}},"line":50}},"f":{"0":22,"1":23}}
,"/Users/charllys/Downloads/Projetos/inVa/src/shared/types/index.ts": {"path":"/Users/charllys/Downloads/Projetos/inVa/src/shared/types/index.ts","all":true,"statementMap":{},"s":{},"branchMap":{"0":{"type":"branch","line":1,"loc":{"start":{"line":1,"column":10},"end":{"line":1,"column":10}},"locations":[{"start":{"line":1,"column":10},"end":{"line":1,"column":10}}]}},"b":{"0":[1]},"fnMap":{"0":{"name":"(empty-report)","decl":{"start":{"line":1,"column":10},"end":{"line":1,"column":10}},"loc":{"start":{"line":1,"column":10},"end":{"line":1,"column":10}},"line":1}},"f":{"0":1}}
}
